#
# There is insufficient memory for the Java Runtime Environment to continue.
# Native memory allocation (malloc) failed to allocate 95056 bytes for Chunk::new
# Possible reasons:
#   The system is out of physical RAM or swap space
#   In 32 bit mode, the process size limit was hit
# Possible solutions:
#   Reduce memory load on the system
#   Increase physical memory or swap space
#   Check if swap backing store is full
#   Use 64 bit Java on a 64 bit OS
#   Decrease Java heap size (-Xmx/-Xms)
#   Decrease number of Java threads
#   Decrease Java thread stack sizes (-Xss)
#   Set larger code cache with -XX:ReservedCodeCacheSize=
# This output file may be truncated or incomplete.
#
#  Out of Memory Error (allocation.cpp:390), pid=1148, tid=5056
#
# JRE version: Java(TM) SE Runtime Environment (8.0_65-b17) (build 1.8.0_65-b17)
# Java VM: Java HotSpot(TM) 64-Bit Server VM (25.65-b01 mixed mode windows-amd64 compressed oops)
# Failed to write core dump. Minidumps are not enabled by default on client versions of Windows
#

---------------  T H R E A D  ---------------

Current thread (0x00000000150ae000):  JavaThread "C2 CompilerThread0" daemon [_thread_in_native, id=5056, stack(0x00000000166f0000,0x00000000167f0000)]

Stack: [0x00000000166f0000,0x00000000167f0000]
[error occurred during error reporting (printing stack bounds), id 0xc0000005]

Native frames: (J=compiled Java code, j=interpreted, Vv=VM code, C=native code)


Current CompileTask:
C2:   2050  925       4       com.android.dx.rop.code.RegisterSpec$ForComparison::hashCode (16 bytes)


---------------  P R O C E S S  ---------------

Java Threads: ( => current thread )
  0x0000000016aa8000 JavaThread "pool-1-thread-4" [_thread_blocked, id=5004, stack(0x00000000173f0000,0x00000000174f0000)]
  0x0000000016aa7800 JavaThread "pool-1-thread-3" [_thread_blocked, id=7544, stack(0x00000000172f0000,0x00000000173f0000)]
  0x0000000016aa5800 JavaThread "pool-1-thread-2" [_thread_blocked, id=3160, stack(0x00000000171f0000,0x00000000172f0000)]
  0x0000000016a53800 JavaThread "pool-2-thread-1" [_thread_blocked, id=7592, stack(0x00000000170f0000,0x00000000171f0000)]
  0x0000000016a51800 JavaThread "pool-1-thread-1" [_thread_blocked, id=3876, stack(0x0000000016ff0000,0x00000000170f0000)]
  0x00000000168fe000 JavaThread "Service Thread" daemon [_thread_blocked, id=2512, stack(0x0000000016df0000,0x0000000016ef0000)]
  0x00000000168f8800 JavaThread "C1 CompilerThread2" daemon [_thread_blocked, id=6868, stack(0x0000000016cf0000,0x0000000016df0000)]
  0x00000000150b1800 JavaThread "C2 CompilerThread1" daemon [_thread_blocked, id=6132, stack(0x00000000167f0000,0x00000000168f0000)]
=>0x00000000150ae000 JavaThread "C2 CompilerThread0" daemon [_thread_in_native, id=5056, stack(0x00000000166f0000,0x00000000167f0000)]
  0x00000000150ac800 JavaThread "Attach Listener" daemon [_thread_blocked, id=4584, stack(0x00000000165f0000,0x00000000166f0000)]
  0x00000000150ab000 JavaThread "Signal Dispatcher" daemon [_thread_blocked, id=3944, stack(0x00000000164f0000,0x00000000165f0000)]
  0x00000000029d1800 JavaThread "Finalizer" daemon [_thread_blocked, id=4464, stack(0x0000000016310000,0x0000000016410000)]
  0x00000000029ce800 JavaThread "Reference Handler" daemon [_thread_blocked, id=4160, stack(0x0000000016210000,0x0000000016310000)]
  0x00000000028dd800 JavaThread "main" [_thread_in_Java, id=8124, stack(0x0000000002740000,0x0000000002840000)]

Other Threads:
  0x0000000015078800 VMThread [stack: 0x0000000016110000,0x0000000016210000] [id=5356]
  0x000000001690b800 WatcherThread [stack: 0x0000000016ef0000,0x0000000016ff0000] [id=7324]

VM state:not at safepoint (normal execution)

VM Mutex/Monitor currently owned by a thread: None

Heap:
 PSYoungGen      total 28672K, used 16544K [0x00000000eab00000, 0x00000000ecb00000, 0x0000000100000000)
  eden space 24576K, 67% used [0x00000000eab00000,0x00000000ebb280c8,0x00000000ec300000)
  from space 4096K, 0% used [0x00000000ec700000,0x00000000ec700000,0x00000000ecb00000)
  to   space 4096K, 0% used [0x00000000ec300000,0x00000000ec300000,0x00000000ec700000)
 ParOldGen       total 65536K, used 0K [0x00000000c0000000, 0x00000000c4000000, 0x00000000eab00000)
  object space 65536K, 0% used [0x00000000c0000000,0x00000000c0000000,0x00000000c4000000)
 Metaspace       used 5821K, capacity 6768K, committed 7040K, reserved 1056768K
  class space    used 599K, capacity 616K, committed 640K, reserved 1048576K

Card table byte_map: [0x0000000011da0000,0x0000000011fb0000] byte_map_base: 0x00000000117a0000

Marking Bits: (ParMarkBitMap*) 0x00000000688aa5b0
 Begin Bits: [0x0000000012510000, 0x0000000013510000)
 End Bits:   [0x0000000013510000, 0x0000000014510000)

Polling page: 0x0000000000e90000

CodeCache: size=245760Kb used=3769Kb max_used=3781Kb free=241990Kb
 bounds [0x00000000029e0000, 0x0000000002da0000, 0x00000000119e0000]
 total_blobs=1193 nmethods=924 adapters=182
 compilation: enabled

Compilation events (10 events):
Event: 2.037 Thread 0x00000000168f8800  910       3       com.android.dx.util.BitIntSet::merge (148 bytes)
Event: 2.038 Thread 0x00000000150ae000 nmethod 923 0x0000000002d8e890 code [0x0000000002d8e9e0, 0x0000000002d8ec98]
Event: 2.038 Thread 0x00000000168f8800 nmethod 910 0x0000000002d8ca90 code [0x0000000002d8cd40, 0x0000000002d8df08]
Event: 2.038 Thread 0x00000000168f8800  921       3       com.android.dx.cf.code.ByteBlockList::labelToBlock (46 bytes)
Event: 2.039 Thread 0x00000000168f8800 nmethod 921 0x0000000002d8ee10 code [0x0000000002d8f040, 0x0000000002d8fd88]
Event: 2.039 Thread 0x00000000168f8800  922       3       com.android.dx.cf.code.Ropper::addOrReplaceBlock (66 bytes)
Event: 2.040 Thread 0x00000000168f8800 nmethod 922 0x0000000002d90290 code [0x0000000002d904e0, 0x0000000002d91338]
Event: 2.042 Thread 0x00000000150b1800  924       4       com.android.dx.util.BitIntSet::ensureCapacity (51 bytes)
Event: 2.044 Thread 0x00000000150ae000  925       4       com.android.dx.rop.code.RegisterSpec$ForComparison::hashCode (16 bytes)
Event: 2.045 Thread 0x00000000150b1800 nmethod 924 0x0000000002d8c650 code [0x0000000002d8c7a0, 0x0000000002d8c978]

GC Heap History (0 events):
No events

Deoptimization events (5 events):
Event: 1.502 Thread 0x0000000016aa8000 Uncommon trap: reason=unstable_if action=reinterpret pc=0x0000000002c01fdc method=java.util.HashMap.getNode(ILjava/lang/Object;)Ljava/util/HashMap$Node; @ 129
Event: 1.535 Thread 0x0000000016a51800 Uncommon trap: reason=class_check action=maybe_recompile pc=0x0000000002c26370 method=com.android.dx.ssa.NormalSsaInsn.accept(Lcom/android/dx/ssa/SsaInsn$Visitor;)V @ 9
Event: 1.535 Thread 0x0000000016a51800 Uncommon trap: reason=class_check action=maybe_recompile pc=0x0000000002c26370 method=com.android.dx.ssa.NormalSsaInsn.accept(Lcom/android/dx/ssa/SsaInsn$Visitor;)V @ 9
Event: 1.535 Thread 0x0000000016a51800 Uncommon trap: reason=class_check action=maybe_recompile pc=0x0000000002c26370 method=com.android.dx.ssa.NormalSsaInsn.accept(Lcom/android/dx/ssa/SsaInsn$Visitor;)V @ 9
Event: 1.535 Thread 0x0000000016a51800 Uncommon trap: reason=class_check action=maybe_recompile pc=0x0000000002c26370 method=com.android.dx.ssa.NormalSsaInsn.accept(Lcom/android/dx/ssa/SsaInsn$Visitor;)V @ 9

Internal exceptions (2 events):
Event: 0.054 Thread 0x00000000028dd800 Exception <a 'java/lang/NoSuchMethodError': Method sun.misc.Unsafe.defineClass(Ljava/lang/String;[BII)Ljava/lang/Class; name or signature does not match> (0x00000000eab0d9d8) thrown at [C:\workspace\8-2-build-windows-amd64-cygwin\jdk8u65\4987\hotspot\src\s3Эт70ВЂ?
Event: 0.054 Thread 0x00000000028dd800 Exception <a 'java/lang/NoSuchMethodError': Method sun.misc.Unsafe.prefetchRead(Ljava/lang/Object;J)V name or signature does not match> (0x00000000eab0dcc0) thrown at [C:\workspace\8-2-build-windows-amd64-cygwin\jdk8u65\4987\hotspot\src\share\vm\prims\jni.

Events (10 events):
Event: 1.535 Thread 0x0000000016a51800 DEOPT UNPACKING pc=0x0000000002a2582a sp=0x00000000170ee9e0 mode 2
Event: 1.535 Thread 0x0000000016a51800 Uncommon trap: trap_request=0xffffffde fr.pc=0x0000000002c26370
Event: 1.535 Thread 0x0000000016a51800 DEOPT PACKING pc=0x0000000002c26370 sp=0x00000000170eea50
Event: 1.535 Thread 0x0000000016a51800 DEOPT UNPACKING pc=0x0000000002a2582a sp=0x00000000170ee9e0 mode 2
Event: 1.535 Thread 0x0000000016a51800 Uncommon trap: trap_request=0xffffffde fr.pc=0x0000000002c26370
Event: 1.535 Thread 0x0000000016a51800 DEOPT PACKING pc=0x0000000002c26370 sp=0x00000000170eea50
Event: 1.535 Thread 0x0000000016a51800 DEOPT UNPACKING pc=0x0000000002a2582a sp=0x00000000170ee9e0 mode 2
Event: 1.535 Thread 0x0000000016a51800 Uncommon trap: trap_request=0xffffffde fr.pc=0x0000000002c26370
Event: 1.535 Thread 0x0000000016a51800 DEOPT PACKING pc=0x0000000002c26370 sp=0x00000000170eea50
Event: 1.535 Thread 0x0000000016a51800 DEOPT UNPACKING pc=0x0000000002a2582a sp=0x00000000170ee9e0 mode 2


Dynamic libraries:
0x00007ff72ce50000 - 0x00007ff72ce87000 	C:\Program Files\Java\jdk1.8.0_65\bin\java.exe
0x00007ff9619d0000 - 0x00007ff961b7d000 	C:\Windows\SYSTEM32\ntdll.dll
0x00007ff95f120000 - 0x00007ff95f25e000 	C:\Windows\system32\KERNEL32.DLL
0x00007ff95ed60000 - 0x00007ff95ee75000 	C:\Windows\system32\KERNELBASE.dll
0x00007ff95d6d0000 - 0x00007ff95d75e000 	C:\Windows\system32\apphelp.dll
0x00007ff94db50000 - 0x00007ff94dba3000 	C:\Windows\AppPatch\AppPatch64\AcGenral.DLL
0x00007ff960050000 - 0x00007ff9600fa000 	C:\Windows\system32\msvcrt.dll
0x00007ff95ebd0000 - 0x00007ff95ebfe000 	C:\Windows\system32\SspiCli.dll
0x00007ff95f630000 - 0x00007ff95f684000 	C:\Windows\system32\SHLWAPI.dll
0x00007ff95f690000 - 0x00007ff95f807000 	C:\Windows\system32\USER32.dll
0x00007ff961630000 - 0x00007ff9617c4000 	C:\Windows\system32\ole32.dll
0x00007ff960100000 - 0x00007ff961629000 	C:\Windows\system32\SHELL32.dll
0x00007ff95e0d0000 - 0x00007ff95e0f1000 	C:\Windows\SYSTEM32\USERENV.dll
0x00007ff95f2e0000 - 0x00007ff95f38a000 	C:\Windows\system32\ADVAPI32.dll
0x00007ff950870000 - 0x00007ff95088e000 	C:\Windows\SYSTEM32\MPR.dll
0x00007ff95f4f0000 - 0x00007ff95f630000 	C:\Windows\system32\RPCRT4.dll
0x00007ff961820000 - 0x00007ff961879000 	C:\Windows\SYSTEM32\sechost.dll
0x00007ff95fe30000 - 0x00007ff960041000 	C:\Windows\SYSTEM32\combase.dll
0x00007ff95f390000 - 0x00007ff95f4df000 	C:\Windows\system32\GDI32.dll
0x00007ff95eb00000 - 0x00007ff95eb15000 	C:\Windows\SYSTEM32\profapi.dll
0x00007ff95d340000 - 0x00007ff95d3f2000 	C:\Windows\SYSTEM32\SHCORE.dll
0x00007ff9617d0000 - 0x00007ff961806000 	C:\Windows\system32\IMM32.DLL
0x00007ff95f9c0000 - 0x00007ff95fb12000 	C:\Windows\system32\MSCTF.dll
0x00007ff95c770000 - 0x00007ff95c9eb000 	C:\Windows\WinSxS\amd64_microsoft.windows.common-controls_6595b64144ccf1df_6.0.9600.18006_none_623f33d3ecbe86e8\COMCTL32.dll
0x0000000067be0000 - 0x0000000067cb2000 	C:\Program Files\Java\jdk1.8.0_65\jre\bin\msvcr100.dll
0x00000000680a0000 - 0x0000000068929000 	C:\Program Files\Java\jdk1.8.0_65\jre\bin\server\jvm.dll
0x00007ff955120000 - 0x00007ff955129000 	C:\Windows\SYSTEM32\WSOCK32.dll
0x00007ff959ff0000 - 0x00007ff95a012000 	C:\Windows\SYSTEM32\WINMM.dll
0x00007ff95b3a0000 - 0x00007ff95b3aa000 	C:\Windows\SYSTEM32\VERSION.dll
0x00007ff961810000 - 0x00007ff961817000 	C:\Windows\system32\PSAPI.DLL
0x00007ff961970000 - 0x00007ff9619ca000 	C:\Windows\system32\WS2_32.dll
0x00007ff959e50000 - 0x00007ff959e7a000 	C:\Windows\SYSTEM32\WINMMBASE.dll
0x00007ff961890000 - 0x00007ff961899000 	C:\Windows\system32\NSI.dll
0x00007ff95ed10000 - 0x00007ff95ed5f000 	C:\Windows\SYSTEM32\cfgmgr32.dll
0x00007ff95d930000 - 0x00007ff95d958000 	C:\Windows\SYSTEM32\DEVOBJ.dll
0x0000000068090000 - 0x000000006809f000 	C:\Program Files\Java\jdk1.8.0_65\jre\bin\verify.dll
0x0000000068060000 - 0x0000000068089000 	C:\Program Files\Java\jdk1.8.0_65\jre\bin\java.dll
0x0000000068040000 - 0x0000000068056000 	C:\Program Files\Java\jdk1.8.0_65\jre\bin\zip.dll

VM Arguments:
jvm_args: -Djava.awt.headless=true -Xmx1024M -Dfile.encoding=windows-1252 -Duser.country=US -Duser.language=en -Duser.variant 
java_command: com.android.dx.command.Main --dex --num-threads=4 --output C:\Users\NicK\AndroidStudioProjects\ShippyShop\app\build\intermediates\pre-dexed\debug\com.android.volley-volley-1.0.0_97fb1824576ff5f8e0668b90aae0b967084b6494.jar C:\Users\NicK\AndroidStudioProjects\ShippyShop\app\build\intermediates\exploded-aar\com.android.volley\volley\1.0.0\jars\classes.jar
java_class_path (initial): C:\Users\NicK\AppData\Local\Android\sdk\build-tools\24.0.1\lib\dx.jar
Launcher Type: SUN_STANDARD

Environment Variables:
JAVA_HOME=C:\Program Files\Java\jdk1.8.0_65
CLASSPATH=.;C:\Program Files (x86)\Java\jre1.8.0_77\lib\ext\QTJava.zip
PATH=C:\ProgramData\Oracle\Java\javapath;C:\Program Files (x86)\Intel\iCLS Client\;C:\Program Files\Intel\iCLS Client\;C:\Windows\system32;C:\Windows;C:\Windows\System32\Wbem;C:\Windows\System32\WindowsPowerShell\v1.0\;C:\Program Files\Intel\Intel(R) Management Engine Components\DAL;C:\Program Files (x86)\Intel\Intel(R) Management Engine Components\DAL;C:\Program Files\Intel\Intel(R) Management Engine Components\IPT;C:\Program Files (x86)\Intel\Intel(R) Management Engine Components\IPT;C:\Program Files (x86)\NVIDIA Corporation\PhysX\Common;C:\Program Files (x86)\Windows Live\Shared;C:\Program Files (x86)\Skype\Phone\;C:\Program Files\Intel\WiFi\bin\;C:\Program Files\Common Files\Intel\WirelessCommon\;C:\Program Files\Java\jdk1.8.0_65\bin;C:\Maven\bin;C:\ant\bin;C:\Program Files (x86)\QuickTime\QTSystem\;C:\Program Files\Microsoft\Web Platform Installer\;C:\Program Files (x86)\Microsoft ASP.NET\ASP.NET Web Pages\v1.0\;C:\Program Files (x86)\Windows Kits\8.0\Windows Performance Toolkit\;C:\Program Files\Microsoft SQL Server\110\Tools\Binn\;C:\Program Files\Intel\WiFi\bin\;C:\Program Files\Common Files\Intel\WirelessCommon\
USERNAME=NicK
OS=Windows_NT
PROCESSOR_IDENTIFIER=Intel64 Family 6 Model 61 Stepping 4, GenuineIntel



---------------  S Y S T E M  ---------------

OS: Windows 8.1 , 64 bit Build 9600 (6.3.9600.17415)

CPU:total 4 (2 cores per cpu, 2 threads per core) family 6 model 61 stepping 4, cmov, cx8, fxsr, mmx, sse, sse2, sse3, ssse3, sse4.1, sse4.2, popcnt, avx, avx2, aes, clmul, erms, 3dnowpref, lzcnt, ht, tsc, tscinvbit, bmi1, bmi2, adx

Memory: 4k page, physical 6199740k(406628k free), swap 9345468k(5188k free)

vm_info: Java HotSpot(TM) 64-Bit Server VM (25.65-b01) for windows-amd64 JRE (1.8.0_65-b17), built on Oct  6 2015 16:39:20 by "java_re" with MS VC++ 10.0 (VS2010)

time: Fri Aug 26 14:47:28 2016
elapsed time: 2 seconds (0d 0h 0m 2s)

