#
# There is insufficient memory for the Java Runtime Environment to continue.
# Native memory allocation (malloc) failed to allocate 32744 bytes for ChunkPool::allocate
# Possible reasons:
#   The system is out of physical RAM or swap space
#   In 32 bit mode, the process size limit was hit
# Possible solutions:
#   Reduce memory load on the system
#   Increase physical memory or swap space
#   Check if swap backing store is full
#   Use 64 bit Java on a 64 bit OS
#   Decrease Java heap size (-Xmx/-Xms)
#   Decrease number of Java threads
#   Decrease Java thread stack sizes (-Xss)
#   Set larger code cache with -XX:ReservedCodeCacheSize=
# This output file may be truncated or incomplete.
#
#  Out of Memory Error (allocation.cpp:273), pid=4068, tid=1300
#
# JRE version: Java(TM) SE Runtime Environment (8.0_65-b17) (build 1.8.0_65-b17)
# Java VM: Java HotSpot(TM) 64-Bit Server VM (25.65-b01 mixed mode windows-amd64 compressed oops)
# Failed to write core dump. Minidumps are not enabled by default on client versions of Windows
#

---------------  T H R E A D  ---------------

Current thread (0x0000000014aef800):  JavaThread "C2 CompilerThread1" daemon [_thread_in_native, id=1300, stack(0x00000000161e0000,0x00000000162e0000)]

Stack: [0x00000000161e0000,0x00000000162e0000]
[error occurred during error reporting (printing stack bounds), id 0xc0000005]

Native frames: (J=compiled Java code, j=interpreted, Vv=VM code, C=native code)


Current CompileTask:
C2:   1502  606       4       java.util.BitSet::set (58 bytes)


---------------  P R O C E S S  ---------------

Java Threads: ( => current thread )
  0x0000000016638800 JavaThread "pool-1-thread-4" [_thread_in_Java, id=7988, stack(0x0000000016de0000,0x0000000016ee0000)]
  0x00000000166f2800 JavaThread "pool-1-thread-3" [_thread_in_Java, id=7472, stack(0x0000000016ce0000,0x0000000016de0000)]
  0x00000000166f1000 JavaThread "pool-1-thread-2" [_thread_in_Java, id=7756, stack(0x0000000016be0000,0x0000000016ce0000)]
  0x00000000166ed800 JavaThread "pool-2-thread-1" [_thread_blocked, id=8140, stack(0x0000000016ae0000,0x0000000016be0000)]
  0x00000000166c1000 JavaThread "pool-1-thread-1" [_thread_in_Java, id=6448, stack(0x00000000169e0000,0x0000000016ae0000)]
  0x0000000016408000 JavaThread "Service Thread" daemon [_thread_blocked, id=5212, stack(0x00000000167e0000,0x00000000168e0000)]
  0x0000000014af6000 JavaThread "C1 CompilerThread2" daemon [_thread_in_native, id=7624, stack(0x00000000162e0000,0x00000000163e0000)]
=>0x0000000014aef800 JavaThread "C2 CompilerThread1" daemon [_thread_in_native, id=1300, stack(0x00000000161e0000,0x00000000162e0000)]
  0x0000000014a9e800 JavaThread "C2 CompilerThread0" daemon [_thread_blocked, id=3720, stack(0x00000000160e0000,0x00000000161e0000)]
  0x0000000014a9c800 JavaThread "Attach Listener" daemon [_thread_blocked, id=5344, stack(0x0000000015fe0000,0x00000000160e0000)]
  0x0000000014a9b000 JavaThread "Signal Dispatcher" daemon [_thread_blocked, id=7940, stack(0x0000000015ee0000,0x0000000015fe0000)]
  0x00000000023c7800 JavaThread "Finalizer" daemon [_thread_blocked, id=7372, stack(0x0000000015d00000,0x0000000015e00000)]
  0x00000000023be800 JavaThread "Reference Handler" daemon [_thread_blocked, id=2092, stack(0x0000000015c00000,0x0000000015d00000)]
  0x000000000218d800 JavaThread "main" [_thread_in_vm, id=7976, stack(0x0000000002190000,0x0000000002290000)]

Other Threads:
  0x0000000014a68800 VMThread [stack: 0x0000000015b00000,0x0000000015c00000] [id=1196]
  0x000000001640c800 WatcherThread [stack: 0x00000000168e0000,0x00000000169e0000] [id=6800]

VM state:not at safepoint (normal execution)

VM Mutex/Monitor currently owned by a thread: None

Heap:
 PSYoungGen      total 28672K, used 6841K [0x00000000eab00000, 0x00000000ecb00000, 0x0000000100000000)
  eden space 24576K, 15% used [0x00000000eab00000,0x00000000eaece910,0x00000000ec300000)
  from space 4096K, 71% used [0x00000000ec300000,0x00000000ec5dfd98,0x00000000ec700000)
  to   space 4096K, 0% used [0x00000000ec700000,0x00000000ec700000,0x00000000ecb00000)
 ParOldGen       total 65536K, used 8K [0x00000000c0000000, 0x00000000c4000000, 0x00000000eab00000)
  object space 65536K, 0% used [0x00000000c0000000,0x00000000c0002000,0x00000000c4000000)
 Metaspace       used 5532K, capacity 6512K, committed 6784K, reserved 1056768K
  class space    used 593K, capacity 616K, committed 640K, reserved 1048576K

Card table byte_map: [0x0000000011790000,0x00000000119a0000] byte_map_base: 0x0000000011190000

Marking Bits: (ParMarkBitMap*) 0x00000000688aa5b0
 Begin Bits: [0x0000000011f00000, 0x0000000012f00000)
 End Bits:   [0x0000000012f00000, 0x0000000013f00000)

Polling page: 0x0000000002150000

CodeCache: size=245760Kb used=2223Kb max_used=2234Kb free=243536Kb
 bounds [0x00000000023d0000, 0x0000000002640000, 0x00000000113d0000]
 total_blobs=848 nmethods=579 adapters=182
 compilation: enabled

Compilation events (10 events):
Event: 1.492 Thread 0x0000000014aef800  588       4       java.lang.Math::max (11 bytes)
Event: 1.493 Thread 0x0000000014aef800 nmethod 588 0x00000000025dc810 code [0x00000000025dc940, 0x00000000025dc998]
Event: 1.495 Thread 0x0000000014a9e800  598       4       java.util.AbstractList::<init> (10 bytes)
Event: 1.495 Thread 0x0000000014aef800  599       4       com.android.dx.rop.code.InsnList::get (9 bytes)
Event: 1.495 Thread 0x0000000014a9e800 nmethod 598 0x00000000025fa5d0 code [0x00000000025fa700, 0x00000000025fa758]
Event: 1.495 Thread 0x0000000014a9e800  603       4       com.android.dx.util.IntList::add (65 bytes)
Event: 1.496 Thread 0x0000000014aef800 nmethod 599 0x00000000025fa250 code [0x00000000025fa3a0, 0x00000000025fa498]
Event: 1.497 Thread 0x0000000014aef800  605       4       com.android.dx.ssa.NormalSsaInsn::accept (25 bytes)
Event: 1.499 Thread 0x0000000014aef800 nmethod 605 0x00000000025f9dd0 code [0x00000000025f9f40, 0x00000000025fa078]
Event: 1.500 Thread 0x0000000014aef800  606       4       java.util.BitSet::set (58 bytes)

GC Heap History (2 events):
Event: 1.053 GC heap before
{Heap before GC invocations=1 (full 0):
 PSYoungGen      total 28672K, used 24576K [0x00000000eab00000, 0x00000000ecb00000, 0x0000000100000000)
  eden space 24576K, 100% used [0x00000000eab00000,0x00000000ec300000,0x00000000ec300000)
  from space 4096K, 0% used [0x00000000ec700000,0x00000000ec700000,0x00000000ecb00000)
  to   space 4096K, 0% used [0x00000000ec300000,0x00000000ec300000,0x00000000ec700000)
 ParOldGen       total 65536K, used 0K [0x00000000c0000000, 0x00000000c4000000, 0x00000000eab00000)
  object space 65536K, 0% used [0x00000000c0000000,0x00000000c0000000,0x00000000c4000000)
 Metaspace       used 5255K, capacity 6256K, committed 6528K, reserved 1056768K
  class space    used 579K, capacity 616K, committed 640K, reserved 1048576K
Event: 1.164 GC heap after
Heap after GC invocations=1 (full 0):
 PSYoungGen      total 28672K, used 2943K [0x00000000eab00000, 0x00000000ecb00000, 0x0000000100000000)
  eden space 24576K, 0% used [0x00000000eab00000,0x00000000eab00000,0x00000000ec300000)
  from space 4096K, 71% used [0x00000000ec300000,0x00000000ec5dfd98,0x00000000ec700000)
  to   space 4096K, 0% used [0x00000000ec700000,0x00000000ec700000,0x00000000ecb00000)
 ParOldGen       total 65536K, used 8K [0x00000000c0000000, 0x00000000c4000000, 0x00000000eab00000)
  object space 65536K, 0% used [0x00000000c0000000,0x00000000c0002000,0x00000000c4000000)
 Metaspace       used 5255K, capacity 6256K, committed 6528K, reserved 1056768K
  class space    used 579K, capacity 616K, committed 640K, reserved 1048576K
}

Deoptimization events (1 events):
Event: 1.494 Thread 0x0000000016638800 Uncommon trap: reason=unstable_if action=reinterpret pc=0x00000000025e164c method=com.android.dx.rop.code.RegisterSpec.equals(ILcom/android/dx/rop/type/TypeBearer;Lcom/android/dx/rop/code/LocalItem;)Z @ 16

Internal exceptions (2 events):
Event: 0.052 Thread 0x000000000218d800 Exception <a 'java/lang/NoSuchMethodError': Method sun.misc.Unsafe.defineClass(Ljava/lang/String;[BII)Ljava/lang/Class; name or signature does not match> (0x00000000eab0d820) thrown at [C:\workspace\8-2-build-windows-amd64-cygwin\jdk8u65\4987\hotspot\src\sáÇŠÏ©ª?
Event: 0.052 Thread 0x000000000218d800 Exception <a 'java/lang/NoSuchMethodError': Method sun.misc.Unsafe.prefetchRead(Ljava/lang/Object;J)V name or signature does not match> (0x00000000eab0db08) thrown at [C:\workspace\8-2-build-windows-amd64-cygwin\jdk8u65\4987\hotspot\src\share\vm\prims\jni.

Events (10 events):
Event: 1.192 loading class java/util/TreeMap$EntryIterator done
Event: 1.210 loading class com/android/dx/cf/code/SwitchList
Event: 1.211 loading class com/android/dx/cf/code/SwitchList done
Event: 1.478 loading class com/android/dx/dex/file/MethodAnnotationStruct
Event: 1.478 loading class com/android/dx/dex/file/MethodAnnotationStruct done
Event: 1.484 loading class com/android/dx/ssa/back/FirstFitLocalCombiningAllocator$Multiset
Event: 1.484 loading class com/android/dx/ssa/back/FirstFitLocalCombiningAllocator$Multiset done
Event: 1.494 Thread 0x0000000016638800 Uncommon trap: trap_request=0xffffff65 fr.pc=0x00000000025e164c
Event: 1.494 Thread 0x0000000016638800 DEOPT PACKING pc=0x00000000025e164c sp=0x0000000016ede950
Event: 1.494 Thread 0x0000000016638800 DEOPT UNPACKING pc=0x000000000241582a sp=0x0000000016ede790 mode 2


Dynamic libraries:
0x00007ff72ce50000 - 0x00007ff72ce87000 	C:\Program Files\Java\jdk1.8.0_65\bin\java.exe
0x00007ff9619d0000 - 0x00007ff961b7d000 	C:\Windows\SYSTEM32\ntdll.dll
0x00007ff95f120000 - 0x00007ff95f25e000 	C:\Windows\system32\KERNEL32.DLL
0x00007ff95ed60000 - 0x00007ff95ee75000 	C:\Windows\system32\KERNELBASE.dll
0x00007ff95d6d0000 - 0x00007ff95d75e000 	C:\Windows\system32\apphelp.dll
0x00007ff94db50000 - 0x00007ff94dba3000 	C:\Windows\AppPatch\AppPatch64\AcGenral.DLL
0x00007ff960050000 - 0x00007ff9600fa000 	C:\Windows\system32\msvcrt.dll
0x00007ff95ebd0000 - 0x00007ff95ebfe000 	C:\Windows\system32\SspiCli.dll
0x00007ff95f630000 - 0x00007ff95f684000 	C:\Windows\system32\SHLWAPI.dll
0x00007ff95f690000 - 0x00007ff95f807000 	C:\Windows\system32\USER32.dll
0x00007ff961630000 - 0x00007ff9617c4000 	C:\Windows\system32\ole32.dll
0x00007ff960100000 - 0x00007ff961629000 	C:\Windows\system32\SHELL32.dll
0x00007ff95e0d0000 - 0x00007ff95e0f1000 	C:\Windows\SYSTEM32\USERENV.dll
0x00007ff95f2e0000 - 0x00007ff95f38a000 	C:\Windows\system32\ADVAPI32.dll
0x00007ff950870000 - 0x00007ff95088e000 	C:\Windows\SYSTEM32\MPR.dll
0x00007ff95f4f0000 - 0x00007ff95f630000 	C:\Windows\system32\RPCRT4.dll
0x00007ff961820000 - 0x00007ff961879000 	C:\Windows\SYSTEM32\sechost.dll
0x00007ff95fe30000 - 0x00007ff960041000 	C:\Windows\SYSTEM32\combase.dll
0x00007ff95f390000 - 0x00007ff95f4df000 	C:\Windows\system32\GDI32.dll
0x00007ff95eb00000 - 0x00007ff95eb15000 	C:\Windows\SYSTEM32\profapi.dll
0x00007ff95d340000 - 0x00007ff95d3f2000 	C:\Windows\SYSTEM32\SHCORE.dll
0x00007ff9617d0000 - 0x00007ff961806000 	C:\Windows\system32\IMM32.DLL
0x00007ff95f9c0000 - 0x00007ff95fb12000 	C:\Windows\system32\MSCTF.dll
0x00007ff95c770000 - 0x00007ff95c9eb000 	C:\Windows\WinSxS\amd64_microsoft.windows.common-controls_6595b64144ccf1df_6.0.9600.18006_none_623f33d3ecbe86e8\COMCTL32.dll
0x0000000067be0000 - 0x0000000067cb2000 	C:\Program Files\Java\jdk1.8.0_65\jre\bin\msvcr100.dll
0x00000000680a0000 - 0x0000000068929000 	C:\Program Files\Java\jdk1.8.0_65\jre\bin\server\jvm.dll
0x00007ff955120000 - 0x00007ff955129000 	C:\Windows\SYSTEM32\WSOCK32.dll
0x00007ff959ff0000 - 0x00007ff95a012000 	C:\Windows\SYSTEM32\WINMM.dll
0x00007ff95b3a0000 - 0x00007ff95b3aa000 	C:\Windows\SYSTEM32\VERSION.dll
0x00007ff961810000 - 0x00007ff961817000 	C:\Windows\system32\PSAPI.DLL
0x00007ff961970000 - 0x00007ff9619ca000 	C:\Windows\system32\WS2_32.dll
0x00007ff959e50000 - 0x00007ff959e7a000 	C:\Windows\SYSTEM32\WINMMBASE.dll
0x00007ff961890000 - 0x00007ff961899000 	C:\Windows\system32\NSI.dll
0x00007ff95ed10000 - 0x00007ff95ed5f000 	C:\Windows\SYSTEM32\cfgmgr32.dll
0x00007ff95d930000 - 0x00007ff95d958000 	C:\Windows\SYSTEM32\DEVOBJ.dll
0x0000000068090000 - 0x000000006809f000 	C:\Program Files\Java\jdk1.8.0_65\jre\bin\verify.dll
0x0000000068060000 - 0x0000000068089000 	C:\Program Files\Java\jdk1.8.0_65\jre\bin\java.dll
0x0000000068040000 - 0x0000000068056000 	C:\Program Files\Java\jdk1.8.0_65\jre\bin\zip.dll

VM Arguments:
jvm_args: -Djava.awt.headless=true -Xmx1024M -Dfile.encoding=windows-1252 -Duser.country=US -Duser.language=en -Duser.variant 
java_command: com.android.dx.command.Main --dex --num-threads=4 --output C:\Users\NicK\AndroidStudioProjects\ShippyShop\app\build\intermediates\pre-dexed\debug\com.google.android.gms-play-services-basement-8.1.0_c008bb72026b2609b446948bf1a4446e5e90e599.jar C:\Users\NicK\AndroidStudioProjects\ShippyShop\app\build\intermediates\exploded-aar\com.google.android.gms\play-services-basement\8.1.0\jars\classes.jar
java_class_path (initial): C:\Users\NicK\AppData\Local\Android\sdk\build-tools\24.0.1\lib\dx.jar
Launcher Type: SUN_STANDARD

Environment Variables:
JAVA_HOME=C:\Program Files\Java\jdk1.8.0_65
CLASSPATH=.;C:\Program Files (x86)\Java\jre1.8.0_77\lib\ext\QTJava.zip
PATH=C:\ProgramData\Oracle\Java\javapath;C:\Program Files (x86)\Intel\iCLS Client\;C:\Program Files\Intel\iCLS Client\;C:\Windows\system32;C:\Windows;C:\Windows\System32\Wbem;C:\Windows\System32\WindowsPowerShell\v1.0\;C:\Program Files\Intel\Intel(R) Management Engine Components\DAL;C:\Program Files (x86)\Intel\Intel(R) Management Engine Components\DAL;C:\Program Files\Intel\Intel(R) Management Engine Components\IPT;C:\Program Files (x86)\Intel\Intel(R) Management Engine Components\IPT;C:\Program Files (x86)\NVIDIA Corporation\PhysX\Common;C:\Program Files (x86)\Windows Live\Shared;C:\Program Files (x86)\Skype\Phone\;C:\Program Files\Intel\WiFi\bin\;C:\Program Files\Common Files\Intel\WirelessCommon\;C:\Program Files\Java\jdk1.8.0_65\bin;C:\Maven\bin;C:\ant\bin;C:\Program Files (x86)\QuickTime\QTSystem\;C:\Program Files\Microsoft\Web Platform Installer\;C:\Program Files (x86)\Microsoft ASP.NET\ASP.NET Web Pages\v1.0\;C:\Program Files (x86)\Windows Kits\8.0\Windows Performance Toolkit\;C:\Program Files\Microsoft SQL Server\110\Tools\Binn\;C:\Program Files\Intel\WiFi\bin\;C:\Program Files\Common Files\Intel\WirelessCommon\
USERNAME=NicK
OS=Windows_NT
PROCESSOR_IDENTIFIER=Intel64 Family 6 Model 61 Stepping 4, GenuineIntel



---------------  S Y S T E M  ---------------

OS: Windows 8.1 , 64 bit Build 9600 (6.3.9600.17415)

CPU:total 4 (2 cores per cpu, 2 threads per core) family 6 model 61 stepping 4, cmov, cx8, fxsr, mmx, sse, sse2, sse3, ssse3, sse4.1, sse4.2, popcnt, avx, avx2, aes, clmul, erms, 3dnowpref, lzcnt, ht, tsc, tscinvbit, bmi1, bmi2, adx

Memory: 4k page, physical 6199740k(387800k free), swap 9345468k(5120k free)

vm_info: Java HotSpot(TM) 64-Bit Server VM (25.65-b01) for windows-amd64 JRE (1.8.0_65-b17), built on Oct  6 2015 16:39:20 by "java_re" with MS VC++ 10.0 (VS2010)

time: Fri Aug 26 14:47:31 2016
elapsed time: 1 seconds (0d 0h 0m 1s)

