#
# There is insufficient memory for the Java Runtime Environment to continue.
# Native memory allocation (malloc) failed to allocate 674336 bytes for Chunk::new
# Possible reasons:
#   The system is out of physical RAM or swap space
#   In 32 bit mode, the process size limit was hit
# Possible solutions:
#   Reduce memory load on the system
#   Increase physical memory or swap space
#   Check if swap backing store is full
#   Use 64 bit Java on a 64 bit OS
#   Decrease Java heap size (-Xmx/-Xms)
#   Decrease number of Java threads
#   Decrease Java thread stack sizes (-Xss)
#   Set larger code cache with -XX:ReservedCodeCacheSize=
# This output file may be truncated or incomplete.
#
#  Out of Memory Error (allocation.cpp:390), pid=7084, tid=7300
#
# JRE version: Java(TM) SE Runtime Environment (8.0_65-b17) (build 1.8.0_65-b17)
# Java VM: Java HotSpot(TM) 64-Bit Server VM (25.65-b01 mixed mode windows-amd64 compressed oops)
# Failed to write core dump. Minidumps are not enabled by default on client versions of Windows
#

---------------  T H R E A D  ---------------

Current thread (0x00000000149b2000):  JavaThread "C2 CompilerThread1" daemon [_thread_in_native, id=7300, stack(0x0000000015fc0000,0x00000000160c0000)]

Stack: [0x0000000015fc0000,0x00000000160c0000]
[error occurred during error reporting (printing stack bounds), id 0xc0000005]

Native frames: (J=compiled Java code, j=interpreted, Vv=VM code, C=native code)


Current CompileTask:
C2:   2518 1170       4       com.android.dx.ssa.back.LivenessAnalyzer::run (231 bytes)


---------------  P R O C E S S  ---------------

Java Threads: ( => current thread )
  0x00000000164dc000 JavaThread "pool-2-thread-4" [_thread_in_Java, id=6128, stack(0x00000000173c0000,0x00000000174c0000)]
  0x00000000164db800 JavaThread "pool-2-thread-3" [_thread_in_Java, id=4464, stack(0x00000000172c0000,0x00000000173c0000)]
  0x00000000164da800 JavaThread "pool-2-thread-2" [_thread_in_vm, id=96, stack(0x00000000171c0000,0x00000000172c0000)]
  0x00000000164f0000 JavaThread "pool-3-thread-1" [_thread_blocked, id=3380, stack(0x00000000170c0000,0x00000000171c0000)]
  0x000000001652f000 JavaThread "pool-2-thread-1" [_thread_in_Java, id=8148, stack(0x0000000016fc0000,0x00000000170c0000)]
  0x00000000149be800 JavaThread "Service Thread" daemon [_thread_blocked, id=7040, stack(0x00000000165c0000,0x00000000166c0000)]
  0x00000000149bd000 JavaThread "C1 CompilerThread2" daemon [_thread_blocked, id=4812, stack(0x00000000160c0000,0x00000000161c0000)]
=>0x00000000149b2000 JavaThread "C2 CompilerThread1" daemon [_thread_in_native, id=7300, stack(0x0000000015fc0000,0x00000000160c0000)]
  0x000000001495d800 JavaThread "C2 CompilerThread0" daemon [_thread_in_native, id=6012, stack(0x0000000015ec0000,0x0000000015fc0000)]
  0x000000001495b800 JavaThread "Attach Listener" daemon [_thread_blocked, id=6276, stack(0x0000000015dc0000,0x0000000015ec0000)]
  0x000000001495a000 JavaThread "Signal Dispatcher" daemon [_thread_blocked, id=7448, stack(0x0000000015cc0000,0x0000000015dc0000)]
  0x0000000002280800 JavaThread "Finalizer" daemon [_thread_blocked, id=6148, stack(0x0000000015bc0000,0x0000000015cc0000)]
  0x000000000227d800 JavaThread "Reference Handler" daemon [_thread_blocked, id=7428, stack(0x0000000015ac0000,0x0000000015bc0000)]
  0x000000000080d800 JavaThread "main" [_thread_in_Java, id=4620, stack(0x0000000002090000,0x0000000002190000)]

Other Threads:
  0x0000000014928800 VMThread [stack: 0x00000000159c0000,0x0000000015ac0000] [id=6768]
  0x00000000161ca800 WatcherThread [stack: 0x00000000166c0000,0x00000000167c0000] [id=7884]

VM state:not at safepoint (normal execution)

VM Mutex/Monitor currently owned by a thread: None

Heap:
 PSYoungGen      total 28672K, used 17475K [0x00000000eab00000, 0x00000000ee300000, 0x0000000100000000)
  eden space 24576K, 54% used [0x00000000eab00000,0x00000000eb8185d8,0x00000000ec300000)
  from space 4096K, 99% used [0x00000000ec300000,0x00000000ec6f88d0,0x00000000ec700000)
  to   space 4096K, 0% used [0x00000000edf00000,0x00000000edf00000,0x00000000ee300000)
 ParOldGen       total 65536K, used 631K [0x00000000c0000000, 0x00000000c4000000, 0x00000000eab00000)
  object space 65536K, 0% used [0x00000000c0000000,0x00000000c009dc08,0x00000000c4000000)
 Metaspace       used 5952K, capacity 6896K, committed 7040K, reserved 1056768K
  class space    used 595K, capacity 616K, committed 640K, reserved 1048576K

Card table byte_map: [0x0000000011650000,0x0000000011860000] byte_map_base: 0x0000000011050000

Marking Bits: (ParMarkBitMap*) 0x00000000688aa5b0
 Begin Bits: [0x0000000011dc0000, 0x0000000012dc0000)
 End Bits:   [0x0000000012dc0000, 0x0000000013dc0000)

Polling page: 0x0000000000690000

CodeCache: size=245760Kb used=4727Kb max_used=4727Kb free=241032Kb
 bounds [0x0000000002290000, 0x0000000002740000, 0x0000000011290000]
 total_blobs=1469 nmethods=1200 adapters=182
 compilation: enabled

Compilation events (10 events):
Event: 2.509 Thread 0x00000000149bd000 nmethod 1207 0x0000000002729a50 code [0x0000000002729c20, 0x000000000272a358]
Event: 2.510 Thread 0x00000000149bd000 1208   !   3       com.android.dx.cf.code.ExecutionStack::merge (31 bytes)
Event: 2.510 Thread 0x00000000149bd000 nmethod 1208 0x000000000272a590 code [0x000000000272a740, 0x000000000272abe8]
Event: 2.510 Thread 0x00000000149bd000 1209       3       com.android.dx.cf.code.Frame::mergeSubroutineLists (90 bytes)
Event: 2.511 Thread 0x00000000149bd000 nmethod 1209 0x000000000272ad50 code [0x000000000272af20, 0x000000000272b808]
Event: 2.511 Thread 0x00000000149bd000 1210       3       com.android.dx.cf.code.Frame::adjustLocalsForSubroutines (28 bytes)
Event: 2.511 Thread 0x00000000149bd000 nmethod 1210 0x000000000272bb10 code [0x000000000272bca0, 0x000000000272c1a8]
Event: 2.513 Thread 0x00000000149bd000 1211       3       com.android.dx.cf.code.Ropper::getRopMethod (64 bytes)
Event: 2.514 Thread 0x00000000149bd000 nmethod 1211 0x000000000272c2d0 code [0x000000000272c520, 0x000000000272d2b8]
Event: 2.515 Thread 0x00000000149bd000 1212       3       com.android.dx.ssa.SsaMethod::forEachBlockDepthFirstDom (128 bytes)

GC Heap History (2 events):
Event: 1.769 GC heap before
{Heap before GC invocations=1 (full 0):
 PSYoungGen      total 28672K, used 24576K [0x00000000eab00000, 0x00000000ecb00000, 0x0000000100000000)
  eden space 24576K, 100% used [0x00000000eab00000,0x00000000ec300000,0x00000000ec300000)
  from space 4096K, 0% used [0x00000000ec700000,0x00000000ec700000,0x00000000ecb00000)
  to   space 4096K, 0% used [0x00000000ec300000,0x00000000ec300000,0x00000000ec700000)
 ParOldGen       total 65536K, used 0K [0x00000000c0000000, 0x00000000c4000000, 0x00000000eab00000)
  object space 65536K, 0% used [0x00000000c0000000,0x00000000c0000000,0x00000000c4000000)
 Metaspace       used 5785K, capacity 6704K, committed 6784K, reserved 1056768K
  class space    used 593K, capacity 616K, committed 640K, reserved 1048576K
Event: 1.825 GC heap after
Heap after GC invocations=1 (full 0):
 PSYoungGen      total 28672K, used 4066K [0x00000000eab00000, 0x00000000ee300000, 0x0000000100000000)
  eden space 24576K, 0% used [0x00000000eab00000,0x00000000eab00000,0x00000000ec300000)
  from space 4096K, 99% used [0x00000000ec300000,0x00000000ec6f88d0,0x00000000ec700000)
  to   space 4096K, 0% used [0x00000000edf00000,0x00000000edf00000,0x00000000ee300000)
 ParOldGen       total 65536K, used 631K [0x00000000c0000000, 0x00000000c4000000, 0x00000000eab00000)
  object space 65536K, 0% used [0x00000000c0000000,0x00000000c009dc08,0x00000000c4000000)
 Metaspace       used 5785K, capacity 6704K, committed 6784K, reserved 1056768K
  class space    used 593K, capacity 616K, committed 640K, reserved 1048576K
}

Deoptimization events (1 events):
Event: 0.515 Thread 0x000000000080d800 Uncommon trap: reason=unstable_if action=reinterpret pc=0x00000000023e94d4 method=java.lang.String.compareTo(Ljava/lang/String;)I @ 38

Internal exceptions (2 events):
Event: 0.082 Thread 0x000000000080d800 Exception <a 'java/lang/NoSuchMethodError': Method sun.misc.Unsafe.defineClass(Ljava/lang/String;[BII)Ljava/lang/Class; name or signature does not match> (0x00000000eab0da48) thrown at [C:\workspace\8-2-build-windows-amd64-cygwin\jdk8u65\4987\hotspot\src\s|(
Event: 0.082 Thread 0x000000000080d800 Exception <a 'java/lang/NoSuchMethodError': Method sun.misc.Unsafe.prefetchRead(Ljava/lang/Object;J)V name or signature does not match> (0x00000000eab0dd30) thrown at [C:\workspace\8-2-build-windows-amd64-cygwin\jdk8u65\4987\hotspot\src\share\vm\prims\jni.

Events (10 events):
Event: 1.437 Executing VM operation: ForceSafepoint
Event: 1.530 Executing VM operation: ForceSafepoint done
Event: 1.555 loading class java/util/DualPivotQuicksort
Event: 1.555 loading class java/util/DualPivotQuicksort done
Event: 1.611 Executing VM operation: ParallelGCFailedAllocation
Event: 1.825 Executing VM operation: ParallelGCFailedAllocation done
Event: 1.870 loading class java/util/TreeMap$EntrySet
Event: 1.870 loading class java/util/TreeMap$EntrySet done
Event: 1.871 loading class java/util/TreeMap$EntryIterator
Event: 1.871 loading class java/util/TreeMap$EntryIterator done


Dynamic libraries:
0x00007ff72ce50000 - 0x00007ff72ce87000 	C:\Program Files\Java\jdk1.8.0_65\bin\java.exe
0x00007ff9619d0000 - 0x00007ff961b7d000 	C:\Windows\SYSTEM32\ntdll.dll
0x00007ff95f120000 - 0x00007ff95f25e000 	C:\Windows\system32\KERNEL32.DLL
0x00007ff95ed60000 - 0x00007ff95ee75000 	C:\Windows\system32\KERNELBASE.dll
0x00007ff95d6d0000 - 0x00007ff95d75e000 	C:\Windows\system32\apphelp.dll
0x00007ff94db50000 - 0x00007ff94dba3000 	C:\Windows\AppPatch\AppPatch64\AcGenral.DLL
0x00007ff960050000 - 0x00007ff9600fa000 	C:\Windows\system32\msvcrt.dll
0x00007ff95ebd0000 - 0x00007ff95ebfe000 	C:\Windows\system32\SspiCli.dll
0x00007ff95f630000 - 0x00007ff95f684000 	C:\Windows\system32\SHLWAPI.dll
0x00007ff95f690000 - 0x00007ff95f807000 	C:\Windows\system32\USER32.dll
0x00007ff961630000 - 0x00007ff9617c4000 	C:\Windows\system32\ole32.dll
0x00007ff960100000 - 0x00007ff961629000 	C:\Windows\system32\SHELL32.dll
0x00007ff95e0d0000 - 0x00007ff95e0f1000 	C:\Windows\SYSTEM32\USERENV.dll
0x00007ff95f2e0000 - 0x00007ff95f38a000 	C:\Windows\system32\ADVAPI32.dll
0x00007ff950870000 - 0x00007ff95088e000 	C:\Windows\SYSTEM32\MPR.dll
0x00007ff95f4f0000 - 0x00007ff95f630000 	C:\Windows\system32\RPCRT4.dll
0x00007ff961820000 - 0x00007ff961879000 	C:\Windows\SYSTEM32\sechost.dll
0x00007ff95fe30000 - 0x00007ff960041000 	C:\Windows\SYSTEM32\combase.dll
0x00007ff95f390000 - 0x00007ff95f4df000 	C:\Windows\system32\GDI32.dll
0x00007ff95eb00000 - 0x00007ff95eb15000 	C:\Windows\SYSTEM32\profapi.dll
0x00007ff95d340000 - 0x00007ff95d3f2000 	C:\Windows\SYSTEM32\SHCORE.dll
0x00007ff9617d0000 - 0x00007ff961806000 	C:\Windows\system32\IMM32.DLL
0x00007ff95f9c0000 - 0x00007ff95fb12000 	C:\Windows\system32\MSCTF.dll
0x00007ff95c770000 - 0x00007ff95c9eb000 	C:\Windows\WinSxS\amd64_microsoft.windows.common-controls_6595b64144ccf1df_6.0.9600.18006_none_623f33d3ecbe86e8\COMCTL32.dll
0x0000000067be0000 - 0x0000000067cb2000 	C:\Program Files\Java\jdk1.8.0_65\jre\bin\msvcr100.dll
0x00000000680a0000 - 0x0000000068929000 	C:\Program Files\Java\jdk1.8.0_65\jre\bin\server\jvm.dll
0x00007ff955120000 - 0x00007ff955129000 	C:\Windows\SYSTEM32\WSOCK32.dll
0x00007ff959ff0000 - 0x00007ff95a012000 	C:\Windows\SYSTEM32\WINMM.dll
0x00007ff95b3a0000 - 0x00007ff95b3aa000 	C:\Windows\SYSTEM32\VERSION.dll
0x00007ff961810000 - 0x00007ff961817000 	C:\Windows\system32\PSAPI.DLL
0x00007ff961970000 - 0x00007ff9619ca000 	C:\Windows\system32\WS2_32.dll
0x00007ff959e50000 - 0x00007ff959e7a000 	C:\Windows\SYSTEM32\WINMMBASE.dll
0x00007ff961890000 - 0x00007ff961899000 	C:\Windows\system32\NSI.dll
0x00007ff95ed10000 - 0x00007ff95ed5f000 	C:\Windows\SYSTEM32\cfgmgr32.dll
0x00007ff95d930000 - 0x00007ff95d958000 	C:\Windows\SYSTEM32\DEVOBJ.dll
0x0000000068090000 - 0x000000006809f000 	C:\Program Files\Java\jdk1.8.0_65\jre\bin\verify.dll
0x0000000068060000 - 0x0000000068089000 	C:\Program Files\Java\jdk1.8.0_65\jre\bin\java.dll
0x0000000068040000 - 0x0000000068056000 	C:\Program Files\Java\jdk1.8.0_65\jre\bin\zip.dll

VM Arguments:
jvm_args: -Djava.awt.headless=true -Xmx1024M -Dfile.encoding=windows-1252 -Duser.country=US -Duser.language=en -Duser.variant 
java_command: com.android.dx.command.Main --dex --force-jumbo --num-threads=4 --multi-dex --output C:\Users\NicK\AndroidStudioProjects\ShippyShop\app\build\intermediates\transforms\dex\debug\folders\1000\10\internal_impl-23.4.0_37c8b792d6429626f9c42276506cd80c69cd0e41 C:\Users\NicK\AndroidStudioProjects\ShippyShop\app\build\intermediates\exploded-aar\com.android.support\support-v4\23.4.0\jars\libs\internal_impl-23.4.0.jar
java_class_path (initial): C:\Users\NicK\AppData\Local\Android\sdk\build-tools\24.0.1\lib\dx.jar
Launcher Type: SUN_STANDARD

Environment Variables:
JAVA_HOME=C:\Program Files\Java\jdk1.8.0_65
CLASSPATH=.;C:\Program Files (x86)\Java\jre1.8.0_77\lib\ext\QTJava.zip
PATH=C:\ProgramData\Oracle\Java\javapath;C:\Program Files (x86)\Intel\iCLS Client\;C:\Program Files\Intel\iCLS Client\;C:\Windows\system32;C:\Windows;C:\Windows\System32\Wbem;C:\Windows\System32\WindowsPowerShell\v1.0\;C:\Program Files\Intel\Intel(R) Management Engine Components\DAL;C:\Program Files (x86)\Intel\Intel(R) Management Engine Components\DAL;C:\Program Files\Intel\Intel(R) Management Engine Components\IPT;C:\Program Files (x86)\Intel\Intel(R) Management Engine Components\IPT;C:\Program Files (x86)\NVIDIA Corporation\PhysX\Common;C:\Program Files (x86)\Windows Live\Shared;C:\Program Files (x86)\Skype\Phone\;C:\Program Files\Intel\WiFi\bin\;C:\Program Files\Common Files\Intel\WirelessCommon\;C:\Program Files\Java\jdk1.8.0_65\bin;C:\Maven\bin;C:\ant\bin;C:\Program Files (x86)\QuickTime\QTSystem\;C:\Program Files\Microsoft\Web Platform Installer\;C:\Program Files (x86)\Microsoft ASP.NET\ASP.NET Web Pages\v1.0\;C:\Program Files (x86)\Windows Kits\8.0\Windows Performance Toolkit\;C:\Program Files\Microsoft SQL Server\110\Tools\Binn\;C:\Program Files\Intel\WiFi\bin\;C:\Program Files\Common Files\Intel\WirelessCommon\
USERNAME=NicK
OS=Windows_NT
PROCESSOR_IDENTIFIER=Intel64 Family 6 Model 61 Stepping 4, GenuineIntel



---------------  S Y S T E M  ---------------

OS: Windows 8.1 , 64 bit Build 9600 (6.3.9600.17415)

CPU:total 4 (2 cores per cpu, 2 threads per core) family 6 model 61 stepping 4, cmov, cx8, fxsr, mmx, sse, sse2, sse3, ssse3, sse4.1, sse4.2, popcnt, avx, avx2, aes, clmul, erms, 3dnowpref, lzcnt, ht, tsc, tscinvbit, bmi1, bmi2, adx

Memory: 4k page, physical 6199740k(346972k free), swap 9345468k(5340k free)

vm_info: Java HotSpot(TM) 64-Bit Server VM (25.65-b01) for windows-amd64 JRE (1.8.0_65-b17), built on Oct  6 2015 16:39:20 by "java_re" with MS VC++ 10.0 (VS2010)

time: Fri Aug 26 14:46:02 2016
elapsed time: 2 seconds (0d 0h 0m 2s)

