#
# There is insufficient memory for the Java Runtime Environment to continue.
# Native memory allocation (malloc) failed to allocate 1008128 bytes for Chunk::new
# Possible reasons:
#   The system is out of physical RAM or swap space
#   In 32 bit mode, the process size limit was hit
# Possible solutions:
#   Reduce memory load on the system
#   Increase physical memory or swap space
#   Check if swap backing store is full
#   Use 64 bit Java on a 64 bit OS
#   Decrease Java heap size (-Xmx/-Xms)
#   Decrease number of Java threads
#   Decrease Java thread stack sizes (-Xss)
#   Set larger code cache with -XX:ReservedCodeCacheSize=
# This output file may be truncated or incomplete.
#
#  Out of Memory Error (allocation.cpp:390), pid=4584, tid=8152
#
# JRE version: Java(TM) SE Runtime Environment (8.0_65-b17) (build 1.8.0_65-b17)
# Java VM: Java HotSpot(TM) 64-Bit Server VM (25.65-b01 mixed mode windows-amd64 compressed oops)
# Failed to write core dump. Minidumps are not enabled by default on client versions of Windows
#

---------------  T H R E A D  ---------------

Current thread (0x000000001463c000):  JavaThread "C2 CompilerThread1" daemon [_thread_in_native, id=8152, stack(0x0000000015d60000,0x0000000015e60000)]

Stack: [0x0000000015d60000,0x0000000015e60000]
[error occurred during error reporting (printing stack bounds), id 0xc0000005]

Native frames: (J=compiled Java code, j=interpreted, Vv=VM code, C=native code)


Current CompileTask:
C2:  15662 2266   !   4       com.android.dx.cf.code.BytecodeArray::parseInstruction (2764 bytes)


---------------  P R O C E S S  ---------------

Java Threads: ( => current thread )
  0x0000000016359000 JavaThread "pool-2-thread-4" [_thread_in_Java, id=7448, stack(0x0000000017160000,0x0000000017260000)]
  0x0000000016358000 JavaThread "pool-2-thread-3" [_thread_blocked, id=6848, stack(0x0000000017060000,0x0000000017160000)]
  0x0000000016357000 JavaThread "pool-2-thread-2" [_thread_blocked, id=8064, stack(0x0000000016f60000,0x0000000017060000)]
  0x0000000016351000 JavaThread "pool-3-thread-1" [_thread_blocked, id=7288, stack(0x0000000016e60000,0x0000000016f60000)]
  0x0000000016454000 JavaThread "pool-2-thread-1" [_thread_blocked, id=7720, stack(0x0000000016d60000,0x0000000016e60000)]
  0x0000000014657800 JavaThread "Service Thread" daemon [_thread_blocked, id=7592, stack(0x0000000015f60000,0x0000000016060000)]
  0x000000001463f000 JavaThread "C1 CompilerThread2" daemon [_thread_blocked, id=7764, stack(0x0000000015e60000,0x0000000015f60000)]
=>0x000000001463c000 JavaThread "C2 CompilerThread1" daemon [_thread_in_native, id=8152, stack(0x0000000015d60000,0x0000000015e60000)]
  0x0000000014629000 JavaThread "C2 CompilerThread0" daemon [_thread_in_native, id=4508, stack(0x0000000015c60000,0x0000000015d60000)]
  0x0000000014627800 JavaThread "Attach Listener" daemon [_thread_blocked, id=6624, stack(0x0000000015b60000,0x0000000015c60000)]
  0x0000000014626000 JavaThread "Signal Dispatcher" daemon [_thread_blocked, id=6856, stack(0x0000000015a60000,0x0000000015b60000)]
  0x0000000001eb1000 JavaThread "Finalizer" daemon [_thread_blocked, id=7928, stack(0x0000000015880000,0x0000000015980000)]
  0x0000000001eae800 JavaThread "Reference Handler" daemon [_thread_blocked, id=7932, stack(0x0000000015780000,0x0000000015880000)]
  0x0000000001f4d800 JavaThread "main" [_thread_blocked, id=6244, stack(0x0000000001c50000,0x0000000001d50000)]

Other Threads:
  0x00000000145e7800 VMThread [stack: 0x0000000015680000,0x0000000015780000] [id=6648]
  0x0000000016070800 WatcherThread [stack: 0x0000000016460000,0x0000000016560000] [id=7744]

VM state:not at safepoint (normal execution)

VM Mutex/Monitor currently owned by a thread: None

Heap:
 PSYoungGen      total 215552K, used 70283K [0x00000000eab00000, 0x00000000f9e00000, 0x0000000100000000)
  eden space 193024K, 26% used [0x00000000eab00000,0x00000000edc33d18,0x00000000f6780000)
  from space 22528K, 88% used [0x00000000f8100000,0x00000000f946f0c8,0x00000000f9700000)
  to   space 26112K, 0% used [0x00000000f6780000,0x00000000f6780000,0x00000000f8100000)
 ParOldGen       total 65536K, used 34025K [0x00000000c0000000, 0x00000000c4000000, 0x00000000eab00000)
  object space 65536K, 51% used [0x00000000c0000000,0x00000000c213a6d8,0x00000000c4000000)
 Metaspace       used 6542K, capacity 7256K, committed 7424K, reserved 1056768K
  class space    used 623K, capacity 656K, committed 768K, reserved 1048576K

Card table byte_map: [0x0000000011310000,0x0000000011520000] byte_map_base: 0x0000000010d10000

Marking Bits: (ParMarkBitMap*) 0x00000000688aa5b0
 Begin Bits: [0x0000000011a80000, 0x0000000012a80000)
 End Bits:   [0x0000000012a80000, 0x0000000013a80000)

Polling page: 0x0000000000490000

CodeCache: size=245760Kb used=11515Kb max_used=11530Kb free=234245Kb
 bounds [0x0000000001f50000, 0x0000000002aa0000, 0x0000000010f50000]
 total_blobs=2468 nmethods=2198 adapters=182
 compilation: enabled

Compilation events (10 events):
Event: 15.294 Thread 0x000000001463f000 2313       1       java.lang.ref.Reference::access$100 (4 bytes)
Event: 15.294 Thread 0x000000001463f000 nmethod 2313 0x00000000027cfe90 code [0x00000000027cffe0, 0x00000000027d00d0]
Event: 15.295 Thread 0x000000001463f000 2314       1       java.lang.ref.Finalizer::access$000 (4 bytes)
Event: 15.295 Thread 0x000000001463f000 nmethod 2314 0x0000000002a84c10 code [0x0000000002a84d60, 0x0000000002a84e50]
Event: 15.311 Thread 0x000000001463f000 2315       2       com.android.dx.rop.code.PlainInsn::<init> (13 bytes)
Event: 15.312 Thread 0x000000001463f000 nmethod 2315 0x0000000002a83f10 code [0x0000000002a840c0, 0x0000000002a84558]
Event: 15.336 Thread 0x000000001463f000 2318       1       com.android.dx.cf.code.BaseMachine::getAuxInt (5 bytes)
Event: 15.336 Thread 0x000000001463f000 nmethod 2318 0x0000000002a83c50 code [0x0000000002a83da0, 0x0000000002a83eb0]
Event: 15.602 Thread 0x000000001463f000 2320       2       com.android.dx.rop.code.Rops::opIfGe (13 bytes)
Event: 15.602 Thread 0x000000001463f000 nmethod 2320 0x0000000002a838d0 code [0x0000000002a83a40, 0x0000000002a83bc8]

GC Heap History (10 events):
Event: 5.474 GC heap before
{Heap before GC invocations=2 (full 0):
 PSYoungGen      total 28672K, used 28142K [0x00000000eab00000, 0x00000000ee300000, 0x0000000100000000)
  eden space 24576K, 100% used [0x00000000eab00000,0x00000000ec300000,0x00000000ec300000)
  from space 4096K, 87% used [0x00000000ec300000,0x00000000ec67ba78,0x00000000ec700000)
  to   space 4096K, 0% used [0x00000000edf00000,0x00000000edf00000,0x00000000ee300000)
 ParOldGen       total 65536K, used 8K [0x00000000c0000000, 0x00000000c4000000, 0x00000000eab00000)
  object space 65536K, 0% used [0x00000000c0000000,0x00000000c0002000,0x00000000c4000000)
 Metaspace       used 6104K, capacity 7024K, committed 7296K, reserved 1056768K
  class space    used 600K, capacity 616K, committed 640K, reserved 1048576K
Event: 5.611 GC heap after
Heap after GC invocations=2 (full 0):
 PSYoungGen      total 53248K, used 4074K [0x00000000eab00000, 0x00000000ee300000, 0x0000000100000000)
  eden space 49152K, 0% used [0x00000000eab00000,0x00000000eab00000,0x00000000edb00000)
  from space 4096K, 99% used [0x00000000edf00000,0x00000000ee2fab30,0x00000000ee300000)
  to   space 4096K, 0% used [0x00000000edb00000,0x00000000edb00000,0x00000000edf00000)
 ParOldGen       total 65536K, used 1356K [0x00000000c0000000, 0x00000000c4000000, 0x00000000eab00000)
  object space 65536K, 2% used [0x00000000c0000000,0x00000000c0153050,0x00000000c4000000)
 Metaspace       used 6104K, capacity 7024K, committed 7296K, reserved 1056768K
  class space    used 600K, capacity 616K, committed 640K, reserved 1048576K
}
Event: 7.148 GC heap before
{Heap before GC invocations=3 (full 0):
 PSYoungGen      total 53248K, used 53226K [0x00000000eab00000, 0x00000000ee300000, 0x0000000100000000)
  eden space 49152K, 100% used [0x00000000eab00000,0x00000000edb00000,0x00000000edb00000)
  from space 4096K, 99% used [0x00000000edf00000,0x00000000ee2fab30,0x00000000ee300000)
  to   space 4096K, 0% used [0x00000000edb00000,0x00000000edb00000,0x00000000edf00000)
 ParOldGen       total 65536K, used 1356K [0x00000000c0000000, 0x00000000c4000000, 0x00000000eab00000)
  object space 65536K, 2% used [0x00000000c0000000,0x00000000c0153050,0x00000000c4000000)
 Metaspace       used 6231K, capacity 7088K, committed 7296K, reserved 1056768K
  class space    used 602K, capacity 616K, committed 640K, reserved 1048576K
Event: 7.209 GC heap after
Heap after GC invocations=3 (full 0):
 PSYoungGen      total 53248K, used 4076K [0x00000000eab00000, 0x00000000f1300000, 0x0000000100000000)
  eden space 49152K, 0% used [0x00000000eab00000,0x00000000eab00000,0x00000000edb00000)
  from space 4096K, 99% used [0x00000000edb00000,0x00000000edefb340,0x00000000edf00000)
  to   space 4096K, 0% used [0x00000000f0f00000,0x00000000f0f00000,0x00000000f1300000)
 ParOldGen       total 65536K, used 9540K [0x00000000c0000000, 0x00000000c4000000, 0x00000000eab00000)
  object space 65536K, 14% used [0x00000000c0000000,0x00000000c09512e8,0x00000000c4000000)
 Metaspace       used 6231K, capacity 7088K, committed 7296K, reserved 1056768K
  class space    used 602K, capacity 616K, committed 640K, reserved 1048576K
}
Event: 8.689 GC heap before
{Heap before GC invocations=4 (full 0):
 PSYoungGen      total 53248K, used 53228K [0x00000000eab00000, 0x00000000f1300000, 0x0000000100000000)
  eden space 49152K, 100% used [0x00000000eab00000,0x00000000edb00000,0x00000000edb00000)
  from space 4096K, 99% used [0x00000000edb00000,0x00000000edefb340,0x00000000edf00000)
  to   space 4096K, 0% used [0x00000000f0f00000,0x00000000f0f00000,0x00000000f1300000)
 ParOldGen       total 65536K, used 9540K [0x00000000c0000000, 0x00000000c4000000, 0x00000000eab00000)
  object space 65536K, 14% used [0x00000000c0000000,0x00000000c09512e8,0x00000000c4000000)
 Metaspace       used 6296K, capacity 7152K, committed 7296K, reserved 1056768K
  class space    used 602K, capacity 616K, committed 640K, reserved 1048576K
Event: 8.856 GC heap after
Heap after GC invocations=4 (full 0):
 PSYoungGen      total 102400K, used 4065K [0x00000000eab00000, 0x00000000f1300000, 0x0000000100000000)
  eden space 98304K, 0% used [0x00000000eab00000,0x00000000eab00000,0x00000000f0b00000)
  from space 4096K, 99% used [0x00000000f0f00000,0x00000000f12f85c8,0x00000000f1300000)
  to   space 4096K, 0% used [0x00000000f0b00000,0x00000000f0b00000,0x00000000f0f00000)
 ParOldGen       total 65536K, used 17775K [0x00000000c0000000, 0x00000000c4000000, 0x00000000eab00000)
  object space 65536K, 27% used [0x00000000c0000000,0x00000000c115bd48,0x00000000c4000000)
 Metaspace       used 6296K, capacity 7152K, committed 7296K, reserved 1056768K
  class space    used 602K, capacity 616K, committed 640K, reserved 1048576K
}
Event: 13.058 GC heap before
{Heap before GC invocations=5 (full 0):
 PSYoungGen      total 102400K, used 102369K [0x00000000eab00000, 0x00000000f1300000, 0x0000000100000000)
  eden space 98304K, 100% used [0x00000000eab00000,0x00000000f0b00000,0x00000000f0b00000)
  from space 4096K, 99% used [0x00000000f0f00000,0x00000000f12f85c8,0x00000000f1300000)
  to   space 4096K, 0% used [0x00000000f0b00000,0x00000000f0b00000,0x00000000f0f00000)
 ParOldGen       total 65536K, used 17775K [0x00000000c0000000, 0x00000000c4000000, 0x00000000eab00000)
  object space 65536K, 27% used [0x00000000c0000000,0x00000000c115bd48,0x00000000c4000000)
 Metaspace       used 6395K, capacity 7216K, committed 7296K, reserved 1056768K
  class space    used 603K, capacity 616K, committed 640K, reserved 1048576K
Event: 13.377 GC heap after
Heap after GC invocations=5 (full 0):
 PSYoungGen      total 102400K, used 4073K [0x00000000eab00000, 0x00000000f9700000, 0x0000000100000000)
  eden space 98304K, 0% used [0x00000000eab00000,0x00000000eab00000,0x00000000f0b00000)
  from space 4096K, 99% used [0x00000000f0b00000,0x00000000f0efa658,0x00000000f0f00000)
  to   space 22528K, 0% used [0x00000000f8100000,0x00000000f8100000,0x00000000f9700000)
 ParOldGen       total 65536K, used 34025K [0x00000000c0000000, 0x00000000c4000000, 0x00000000eab00000)
  object space 65536K, 51% used [0x00000000c0000000,0x00000000c213a6d8,0x00000000c4000000)
 Metaspace       used 6395K, capacity 7216K, committed 7296K, reserved 1056768K
  class space    used 603K, capacity 616K, committed 640K, reserved 1048576K
}
Event: 15.122 GC heap before
{Heap before GC invocations=6 (full 0):
 PSYoungGen      total 102400K, used 102377K [0x00000000eab00000, 0x00000000f9700000, 0x0000000100000000)
  eden space 98304K, 100% used [0x00000000eab00000,0x00000000f0b00000,0x00000000f0b00000)
  from space 4096K, 99% used [0x00000000f0b00000,0x00000000f0efa658,0x00000000f0f00000)
  to   space 22528K, 0% used [0x00000000f8100000,0x00000000f8100000,0x00000000f9700000)
 ParOldGen       total 65536K, used 34025K [0x00000000c0000000, 0x00000000c4000000, 0x00000000eab00000)
  object space 65536K, 51% used [0x00000000c0000000,0x00000000c213a6d8,0x00000000c4000000)
 Metaspace       used 6540K, capacity 7256K, committed 7424K, reserved 1056768K
  class space    used 623K, capacity 656K, committed 768K, reserved 1048576K
Event: 15.279 GC heap after
Heap after GC invocations=6 (full 0):
 PSYoungGen      total 215552K, used 19900K [0x00000000eab00000, 0x00000000f9e00000, 0x0000000100000000)
  eden space 193024K, 0% used [0x00000000eab00000,0x00000000eab00000,0x00000000f6780000)
  from space 22528K, 88% used [0x00000000f8100000,0x00000000f946f0c8,0x00000000f9700000)
  to   space 26112K, 0% used [0x00000000f6780000,0x00000000f6780000,0x00000000f8100000)
 ParOldGen       total 65536K, used 34025K [0x00000000c0000000, 0x00000000c4000000, 0x00000000eab00000)
  object space 65536K, 51% used [0x00000000c0000000,0x00000000c213a6d8,0x00000000c4000000)
 Metaspace       used 6540K, capacity 7256K, committed 7424K, reserved 1056768K
  class space    used 623K, capacity 656K, committed 768K, reserved 1048576K
}

Deoptimization events (10 events):
Event: 14.436 Thread 0x0000000016454000 Uncommon trap: reason=bimorphic action=maybe_recompile pc=0x00000000029c4a9c method=com.android.dx.cf.code.RopperMachine.run(Lcom/android/dx/cf/code/Frame;II)V @ 988
Event: 14.436 Thread 0x0000000016454000 Uncommon trap: reason=bimorphic action=maybe_recompile pc=0x00000000029c4a9c method=com.android.dx.cf.code.RopperMachine.run(Lcom/android/dx/cf/code/Frame;II)V @ 988
Event: 14.437 Thread 0x0000000016454000 Uncommon trap: reason=bimorphic action=maybe_recompile pc=0x00000000029c4a9c method=com.android.dx.cf.code.RopperMachine.run(Lcom/android/dx/cf/code/Frame;II)V @ 988
Event: 14.438 Thread 0x0000000016454000 Uncommon trap: reason=bimorphic action=maybe_recompile pc=0x00000000029c6f4c method=com.android.dx.cf.code.RopperMachine.run(Lcom/android/dx/cf/code/Frame;II)V @ 310
Event: 14.438 Thread 0x0000000016454000 Uncommon trap: reason=bimorphic action=maybe_recompile pc=0x00000000029c6f4c method=com.android.dx.cf.code.RopperMachine.run(Lcom/android/dx/cf/code/Frame;II)V @ 310
Event: 14.461 Thread 0x0000000016357000 Uncommon trap: reason=bimorphic action=maybe_recompile pc=0x000000000279b60c method=com.android.dx.ssa.LiteralOpUpgrader.tryReplacingWithConstant(Lcom/android/dx/ssa/NormalSsaInsn;)Z @ 62
Event: 14.461 Thread 0x0000000016357000 Uncommon trap: reason=unstable_if action=reinterpret pc=0x00000000027ce4ac method=com.android.dx.ssa.LiteralOpUpgrader$1.visitNonMoveInsn(Lcom/android/dx/ssa/NormalSsaInsn;)V @ 24
Event: 14.467 Thread 0x0000000016357000 Uncommon trap: reason=bimorphic action=maybe_recompile pc=0x000000000279b60c method=com.android.dx.ssa.LiteralOpUpgrader.tryReplacingWithConstant(Lcom/android/dx/ssa/NormalSsaInsn;)Z @ 62
Event: 14.764 Thread 0x0000000016454000 Uncommon trap: reason=unstable_if action=reinterpret pc=0x0000000002a3db84 method=java.util.HashMap.putVal(ILjava/lang/Object;Ljava/lang/Object;ZZ)Ljava/lang/Object; @ 206
Event: 14.845 Thread 0x0000000016357000 Uncommon trap: reason=null_check action=make_not_entrant pc=0x0000000002a6e570 method=com.android.dx.cf.code.Ropper$CatchInfo.getSetup(Lcom/android/dx/rop/type/Type;)Lcom/android/dx/cf/code/Ropper$ExceptionHandlerSetup; @ 10

Internal exceptions (8 events):
Event: 0.337 Thread 0x0000000001f4d800 Exception <a 'java/lang/NoSuchMethodError': Method sun.misc.Unsafe.defineClass(Ljava/lang/String;[BII)Ljava/lang/Class; name or signature does not match> (0x00000000eab0da48) thrown at [C:\workspace\8-2-build-windows-amd64-cygwin\jdk8u65\4987\hotspot\src\sÄæﬁ∫ò’?
Event: 0.337 Thread 0x0000000001f4d800 Exception <a 'java/lang/NoSuchMethodError': Method sun.misc.Unsafe.prefetchRead(Ljava/lang/Object;J)V name or signature does not match> (0x00000000eab0dd30) thrown at [C:\workspace\8-2-build-windows-amd64-cygwin\jdk8u65\4987\hotspot\src\share\vm\prims\jni.Åx£√˘Õ@
Event: 4.451 Thread 0x0000000001f4d800 Implicit null exception at 0x0000000002270ac4 to 0x0000000002272f51
Event: 12.221 Thread 0x0000000001f4d800 Implicit null exception at 0x0000000002480361 to 0x0000000002481c49
Event: 14.169 Thread 0x0000000016357000 Exception <a 'java/lang/ArrayIndexOutOfBoundsException': 18> (0x00000000ecd6a438) thrown at [C:\workspace\8-2-build-windows-amd64-cygwin\jdk8u65\4987\hotspot\src\share\vm\interpreter\interpreterRuntime.cpp, line 366]
Event: 14.170 Thread 0x0000000016357000 Exception <a 'java/lang/ArrayIndexOutOfBoundsException'> (0x00000000ecd6bfb8) thrown at [C:\workspace\8-2-build-windows-amd64-cygwin\jdk8u65\4987\hotspot\src\share\vm\runtime\sharedRuntime.cpp, line 605]
Event: 14.171 Thread 0x0000000016357000 Exception <a 'java/lang/ArrayIndexOutOfBoundsException'> (0x00000000ecd6d2a0) thrown at [C:\workspace\8-2-build-windows-amd64-cygwin\jdk8u65\4987\hotspot\src\share\vm\runtime\sharedRuntime.cpp, line 605]
Event: 14.845 Thread 0x0000000016357000 Implicit null exception at 0x0000000002a69f7c to 0x0000000002a6e53d

Events (10 events):
Event: 14.764 Thread 0x0000000016454000 DEOPT UNPACKING pc=0x0000000001f9582a sp=0x0000000016e5e7f0 mode 2
Event: 14.845 Thread 0x0000000016357000 Uncommon trap: trap_request=0xfffffff4 fr.pc=0x0000000002a6e570
Event: 14.845 Thread 0x0000000016357000 DEOPT PACKING pc=0x0000000002a6e570 sp=0x000000001705ec70
Event: 14.845 Thread 0x0000000016357000 DEOPT UNPACKING pc=0x0000000001f9582a sp=0x000000001705ebe8 mode 2
Event: 14.893 Thread 0x0000000016359000 DEOPT PACKING pc=0x0000000002a1e1ee sp=0x000000001725e6d0
Event: 14.893 Thread 0x0000000016359000 DEOPT UNPACKING pc=0x0000000001f9787f sp=0x000000001725e510 mode 0
Event: 15.122 Executing VM operation: ParallelGCFailedAllocation
Event: 15.279 Executing VM operation: ParallelGCFailedAllocation done
Event: 15.327 Thread 0x0000000016359000 DEOPT PACKING pc=0x00000000023e28c1 sp=0x000000001725e880
Event: 15.327 Thread 0x0000000016359000 DEOPT UNPACKING pc=0x0000000001f9787f sp=0x000000001725e610 mode 0


Dynamic libraries:
0x00007ff72ce50000 - 0x00007ff72ce87000 	C:\Program Files\Java\jdk1.8.0_65\bin\java.exe
0x00007ff9619d0000 - 0x00007ff961b7d000 	C:\Windows\SYSTEM32\ntdll.dll
0x00007ff95f120000 - 0x00007ff95f25e000 	C:\Windows\system32\KERNEL32.DLL
0x00007ff95ed60000 - 0x00007ff95ee75000 	C:\Windows\system32\KERNELBASE.dll
0x00007ff95d6d0000 - 0x00007ff95d75e000 	C:\Windows\system32\apphelp.dll
0x00007ff94db50000 - 0x00007ff94dba3000 	C:\Windows\AppPatch\AppPatch64\AcGenral.DLL
0x00007ff960050000 - 0x00007ff9600fa000 	C:\Windows\system32\msvcrt.dll
0x00007ff95ebd0000 - 0x00007ff95ebfe000 	C:\Windows\system32\SspiCli.dll
0x00007ff95f630000 - 0x00007ff95f684000 	C:\Windows\system32\SHLWAPI.dll
0x00007ff95f690000 - 0x00007ff95f807000 	C:\Windows\system32\USER32.dll
0x00007ff961630000 - 0x00007ff9617c4000 	C:\Windows\system32\ole32.dll
0x00007ff960100000 - 0x00007ff961629000 	C:\Windows\system32\SHELL32.dll
0x00007ff95e0d0000 - 0x00007ff95e0f1000 	C:\Windows\SYSTEM32\USERENV.dll
0x00007ff95f2e0000 - 0x00007ff95f38a000 	C:\Windows\system32\ADVAPI32.dll
0x00007ff950870000 - 0x00007ff95088e000 	C:\Windows\SYSTEM32\MPR.dll
0x00007ff95f4f0000 - 0x00007ff95f630000 	C:\Windows\system32\RPCRT4.dll
0x00007ff961820000 - 0x00007ff961879000 	C:\Windows\SYSTEM32\sechost.dll
0x00007ff95fe30000 - 0x00007ff960041000 	C:\Windows\SYSTEM32\combase.dll
0x00007ff95f390000 - 0x00007ff95f4df000 	C:\Windows\system32\GDI32.dll
0x00007ff95eb00000 - 0x00007ff95eb15000 	C:\Windows\SYSTEM32\profapi.dll
0x00007ff95d340000 - 0x00007ff95d3f2000 	C:\Windows\SYSTEM32\SHCORE.dll
0x00007ff9617d0000 - 0x00007ff961806000 	C:\Windows\system32\IMM32.DLL
0x00007ff95f9c0000 - 0x00007ff95fb12000 	C:\Windows\system32\MSCTF.dll
0x00007ff95c770000 - 0x00007ff95c9eb000 	C:\Windows\WinSxS\amd64_microsoft.windows.common-controls_6595b64144ccf1df_6.0.9600.18006_none_623f33d3ecbe86e8\COMCTL32.dll
0x0000000067be0000 - 0x0000000067cb2000 	C:\Program Files\Java\jdk1.8.0_65\jre\bin\msvcr100.dll
0x00000000680a0000 - 0x0000000068929000 	C:\Program Files\Java\jdk1.8.0_65\jre\bin\server\jvm.dll
0x00007ff955120000 - 0x00007ff955129000 	C:\Windows\SYSTEM32\WSOCK32.dll
0x00007ff959ff0000 - 0x00007ff95a012000 	C:\Windows\SYSTEM32\WINMM.dll
0x00007ff95b3a0000 - 0x00007ff95b3aa000 	C:\Windows\SYSTEM32\VERSION.dll
0x00007ff961810000 - 0x00007ff961817000 	C:\Windows\system32\PSAPI.DLL
0x00007ff961970000 - 0x00007ff9619ca000 	C:\Windows\system32\WS2_32.dll
0x00007ff959e50000 - 0x00007ff959e7a000 	C:\Windows\SYSTEM32\WINMMBASE.dll
0x00007ff961890000 - 0x00007ff961899000 	C:\Windows\system32\NSI.dll
0x00007ff95ed10000 - 0x00007ff95ed5f000 	C:\Windows\SYSTEM32\cfgmgr32.dll
0x00007ff95d930000 - 0x00007ff95d958000 	C:\Windows\SYSTEM32\DEVOBJ.dll
0x0000000068090000 - 0x000000006809f000 	C:\Program Files\Java\jdk1.8.0_65\jre\bin\verify.dll
0x0000000068060000 - 0x0000000068089000 	C:\Program Files\Java\jdk1.8.0_65\jre\bin\java.dll
0x0000000068040000 - 0x0000000068056000 	C:\Program Files\Java\jdk1.8.0_65\jre\bin\zip.dll

VM Arguments:
jvm_args: -Djava.awt.headless=true -Xmx1024M -Dfile.encoding=windows-1252 -Duser.country=US -Duser.language=en -Duser.variant 
java_command: com.android.dx.command.Main --dex --force-jumbo --num-threads=4 --multi-dex --output C:\Users\NicK\AndroidStudioProjects\ShippyShop\app\build\intermediates\transforms\dex\debug\folders\1000\10\com.android.support-support-v4-23.4.0_05598380264e6bf8d1c770baff0285de765757a5 C:\Users\NicK\AndroidStudioProjects\ShippyShop\app\build\intermediates\exploded-aar\com.android.support\support-v4\23.4.0\jars\classes.jar
java_class_path (initial): C:\Users\NicK\AppData\Local\Android\sdk\build-tools\24.0.1\lib\dx.jar
Launcher Type: SUN_STANDARD

Environment Variables:
JAVA_HOME=C:\Program Files\Java\jdk1.8.0_65
CLASSPATH=.;C:\Program Files (x86)\Java\jre1.8.0_77\lib\ext\QTJava.zip
PATH=C:\ProgramData\Oracle\Java\javapath;C:\Program Files (x86)\Intel\iCLS Client\;C:\Program Files\Intel\iCLS Client\;C:\Windows\system32;C:\Windows;C:\Windows\System32\Wbem;C:\Windows\System32\WindowsPowerShell\v1.0\;C:\Program Files\Intel\Intel(R) Management Engine Components\DAL;C:\Program Files (x86)\Intel\Intel(R) Management Engine Components\DAL;C:\Program Files\Intel\Intel(R) Management Engine Components\IPT;C:\Program Files (x86)\Intel\Intel(R) Management Engine Components\IPT;C:\Program Files (x86)\NVIDIA Corporation\PhysX\Common;C:\Program Files (x86)\Windows Live\Shared;C:\Program Files (x86)\Skype\Phone\;C:\Program Files\Intel\WiFi\bin\;C:\Program Files\Common Files\Intel\WirelessCommon\;C:\Program Files\Java\jdk1.8.0_65\bin;C:\Maven\bin;C:\ant\bin;C:\Program Files (x86)\QuickTime\QTSystem\;C:\Program Files\Microsoft\Web Platform Installer\;C:\Program Files (x86)\Microsoft ASP.NET\ASP.NET Web Pages\v1.0\;C:\Program Files (x86)\Windows Kits\8.0\Windows Performance Toolkit\;C:\Program Files\Microsoft SQL Server\110\Tools\Binn\;C:\Program Files\Intel\WiFi\bin\;C:\Program Files\Common Files\Intel\WirelessCommon\
USERNAME=NicK
OS=Windows_NT
PROCESSOR_IDENTIFIER=Intel64 Family 6 Model 61 Stepping 4, GenuineIntel



---------------  S Y S T E M  ---------------

OS: Windows 8.1 , 64 bit Build 9600 (6.3.9600.17415)

CPU:total 4 (2 cores per cpu, 2 threads per core) family 6 model 61 stepping 4, cmov, cx8, fxsr, mmx, sse, sse2, sse3, ssse3, sse4.1, sse4.2, popcnt, avx, avx2, aes, clmul, erms, 3dnowpref, lzcnt, ht, tsc, tscinvbit, bmi1, bmi2, adx

Memory: 4k page, physical 6199740k(259296k free), swap 9345468k(5140k free)

vm_info: Java HotSpot(TM) 64-Bit Server VM (25.65-b01) for windows-amd64 JRE (1.8.0_65-b17), built on Oct  6 2015 16:39:20 by "java_re" with MS VC++ 10.0 (VS2010)

time: Fri Aug 26 14:38:46 2016
elapsed time: 15 seconds (0d 0h 0m 15s)

