#
# There is insufficient memory for the Java Runtime Environment to continue.
# Native memory allocation (malloc) failed to allocate 1145776 bytes for Chunk::new
# Possible reasons:
#   The system is out of physical RAM or swap space
#   In 32 bit mode, the process size limit was hit
# Possible solutions:
#   Reduce memory load on the system
#   Increase physical memory or swap space
#   Check if swap backing store is full
#   Use 64 bit Java on a 64 bit OS
#   Decrease Java heap size (-Xmx/-Xms)
#   Decrease number of Java threads
#   Decrease Java thread stack sizes (-Xss)
#   Set larger code cache with -XX:ReservedCodeCacheSize=
# This output file may be truncated or incomplete.
#
#  Out of Memory Error (allocation.cpp:390), pid=3104, tid=7448
#
# JRE version: Java(TM) SE Runtime Environment (8.0_65-b17) (build 1.8.0_65-b17)
# Java VM: Java HotSpot(TM) 64-Bit Server VM (25.65-b01 mixed mode windows-amd64 compressed oops)
# Failed to write core dump. Minidumps are not enabled by default on client versions of Windows
#

---------------  T H R E A D  ---------------

Current thread (0x0000000015376800):  JavaThread "C2 CompilerThread1" daemon [_thread_in_native, id=7448, stack(0x0000000016a60000,0x0000000016b60000)]

Stack: [0x0000000016a60000,0x0000000016b60000]
[error occurred during error reporting (printing stack bounds), id 0xc0000005]

Native frames: (J=compiled Java code, j=interpreted, Vv=VM code, C=native code)


Current CompileTask:
C2:   8882 2020   !   4       com.android.dx.cf.code.BytecodeArray::parseInstruction (2764 bytes)


---------------  P R O C E S S  ---------------

Java Threads: ( => current thread )
  0x0000000017641000 JavaThread "pool-1-thread-1" [_thread_in_Java, id=7976, stack(0x0000000018a30000,0x0000000018b30000)]
  0x0000000016c66000 JavaThread "Service Thread" daemon [_thread_blocked, id=7652, stack(0x0000000017060000,0x0000000017160000)]
  0x000000001537d000 JavaThread "C1 CompilerThread2" daemon [_thread_blocked, id=4008, stack(0x0000000016b60000,0x0000000016c60000)]
=>0x0000000015376800 JavaThread "C2 CompilerThread1" daemon [_thread_in_native, id=7448, stack(0x0000000016a60000,0x0000000016b60000)]
  0x000000001531d800 JavaThread "C2 CompilerThread0" daemon [_thread_in_native, id=3864, stack(0x0000000016960000,0x0000000016a60000)]
  0x000000001531b800 JavaThread "Attach Listener" daemon [_thread_blocked, id=7336, stack(0x0000000016860000,0x0000000016960000)]
  0x000000001531a000 JavaThread "Signal Dispatcher" daemon [_thread_blocked, id=7324, stack(0x0000000016760000,0x0000000016860000)]
  0x0000000002c46800 JavaThread "Finalizer" daemon [_thread_blocked, id=2908, stack(0x0000000016580000,0x0000000016680000)]
  0x0000000002c3d800 JavaThread "Reference Handler" daemon [_thread_blocked, id=7932, stack(0x0000000016480000,0x0000000016580000)]
  0x00000000010cd800 JavaThread "main" [_thread_blocked, id=7376, stack(0x00000000012f0000,0x00000000013f0000)]

Other Threads:
  0x00000000152e8800 VMThread [stack: 0x0000000016380000,0x0000000016480000] [id=6584]
  0x0000000016c73000 WatcherThread [stack: 0x0000000017160000,0x0000000017260000] [id=8164]

VM state:not at safepoint (normal execution)

VM Mutex/Monitor currently owned by a thread: None

Heap:
 PSYoungGen      total 112128K, used 65436K [0x00000000eab00000, 0x00000000f9700000, 0x0000000100000000)
  eden space 96256K, 51% used [0x00000000eab00000,0x00000000edb6b038,0x00000000f0900000)
  from space 15872K, 99% used [0x00000000f0900000,0x00000000f187c030,0x00000000f1880000)
  to   space 24576K, 0% used [0x00000000f7f00000,0x00000000f7f00000,0x00000000f9700000)
 ParOldGen       total 65536K, used 29192K [0x00000000c0000000, 0x00000000c4000000, 0x00000000eab00000)
  object space 65536K, 44% used [0x00000000c0000000,0x00000000c1c820b8,0x00000000c4000000)
 Metaspace       used 6846K, capacity 7544K, committed 7808K, reserved 1056768K
  class space    used 621K, capacity 624K, committed 640K, reserved 1048576K

Card table byte_map: [0x0000000012010000,0x0000000012220000] byte_map_base: 0x0000000011a10000

Marking Bits: (ParMarkBitMap*) 0x00000000688aa5b0
 Begin Bits: [0x0000000012780000, 0x0000000013780000)
 End Bits:   [0x0000000013780000, 0x0000000014780000)

Polling page: 0x0000000001180000

CodeCache: size=245760Kb used=9698Kb max_used=9698Kb free=236061Kb
 bounds [0x0000000002c50000, 0x00000000035e0000, 0x0000000011c50000]
 total_blobs=2692 nmethods=2421 adapters=183
 compilation: enabled

Compilation events (10 events):
Event: 8.801 Thread 0x000000001537d000 2476       2       com.android.dx.dex.file.ClassDefItem::writeTo (616 bytes)
Event: 8.806 Thread 0x000000001537d000 nmethod 2476 0x00000000035c7ed0 code [0x00000000035c85c0, 0x00000000035caf58]
Event: 8.850 Thread 0x000000001537d000 2477   !   2       com.android.dx.dex.file.OffsettedItem::writeTo (72 bytes)
Event: 8.851 Thread 0x000000001537d000 nmethod 2477 0x00000000035bac90 code [0x00000000035baec0, 0x00000000035bb548]
Event: 8.853 Thread 0x000000001537d000 2478       2       com.android.dx.dex.file.AnnotationSetItem::writeTo0 (186 bytes)
Event: 8.855 Thread 0x000000001537d000 nmethod 2478 0x00000000035ce950 code [0x00000000035ceca0, 0x00000000035cfc08]
Event: 8.855 Thread 0x000000001537d000 2479       2       com.android.dx.util.ByteArrayAnnotatedOutput::assertCursor (48 bytes)
Event: 8.856 Thread 0x000000001537d000 nmethod 2479 0x00000000035c75d0 code [0x00000000035c7780, 0x00000000035c7bd8]
Event: 8.867 Thread 0x000000001537d000 2480       2       com.android.dx.dex.code.ZeroSizeInsn::writeTo (1 bytes)
Event: 8.868 Thread 0x000000001537d000 nmethod 2480 0x00000000035c7290 code [0x00000000035c73e0, 0x00000000035c7530]

GC Heap History (10 events):
Event: 5.126 GC heap before
{Heap before GC invocations=3 (full 0):
 PSYoungGen      total 28672K, used 28640K [0x00000000eab00000, 0x00000000ee300000, 0x0000000100000000)
  eden space 24576K, 100% used [0x00000000eab00000,0x00000000ec300000,0x00000000ec300000)
  from space 4096K, 99% used [0x00000000ec700000,0x00000000ecaf8010,0x00000000ecb00000)
  to   space 4096K, 0% used [0x00000000ec300000,0x00000000ec300000,0x00000000ec700000)
 ParOldGen       total 65536K, used 1455K [0x00000000c0000000, 0x00000000c4000000, 0x00000000eab00000)
  object space 65536K, 2% used [0x00000000c0000000,0x00000000c016bff0,0x00000000c4000000)
 Metaspace       used 6197K, capacity 7088K, committed 7296K, reserved 1056768K
  class space    used 597K, capacity 616K, committed 640K, reserved 1048576K
Event: 5.181 GC heap after
Heap after GC invocations=3 (full 0):
 PSYoungGen      total 28672K, used 4064K [0x00000000eab00000, 0x00000000ee300000, 0x0000000100000000)
  eden space 24576K, 0% used [0x00000000eab00000,0x00000000eab00000,0x00000000ec300000)
  from space 4096K, 99% used [0x00000000ec300000,0x00000000ec6f8010,0x00000000ec700000)
  to   space 4096K, 0% used [0x00000000edf00000,0x00000000edf00000,0x00000000ee300000)
 ParOldGen       total 65536K, used 5180K [0x00000000c0000000, 0x00000000c4000000, 0x00000000eab00000)
  object space 65536K, 7% used [0x00000000c0000000,0x00000000c050f3a8,0x00000000c4000000)
 Metaspace       used 6197K, capacity 7088K, committed 7296K, reserved 1056768K
  class space    used 597K, capacity 616K, committed 640K, reserved 1048576K
}
Event: 5.963 GC heap before
{Heap before GC invocations=4 (full 0):
 PSYoungGen      total 28672K, used 28640K [0x00000000eab00000, 0x00000000ee300000, 0x0000000100000000)
  eden space 24576K, 100% used [0x00000000eab00000,0x00000000ec300000,0x00000000ec300000)
  from space 4096K, 99% used [0x00000000ec300000,0x00000000ec6f8010,0x00000000ec700000)
  to   space 4096K, 0% used [0x00000000edf00000,0x00000000edf00000,0x00000000ee300000)
 ParOldGen       total 65536K, used 5180K [0x00000000c0000000, 0x00000000c4000000, 0x00000000eab00000)
  object space 65536K, 7% used [0x00000000c0000000,0x00000000c050f3a8,0x00000000c4000000)
 Metaspace       used 6262K, capacity 7088K, committed 7296K, reserved 1056768K
  class space    used 597K, capacity 616K, committed 640K, reserved 1048576K
Event: 6.015 GC heap after
Heap after GC invocations=4 (full 0):
 PSYoungGen      total 53248K, used 4080K [0x00000000eab00000, 0x00000000ee300000, 0x0000000100000000)
  eden space 49152K, 0% used [0x00000000eab00000,0x00000000eab00000,0x00000000edb00000)
  from space 4096K, 99% used [0x00000000edf00000,0x00000000ee2fc020,0x00000000ee300000)
  to   space 4096K, 0% used [0x00000000edb00000,0x00000000edb00000,0x00000000edf00000)
 ParOldGen       total 65536K, used 9541K [0x00000000c0000000, 0x00000000c4000000, 0x00000000eab00000)
  object space 65536K, 14% used [0x00000000c0000000,0x00000000c0951440,0x00000000c4000000)
 Metaspace       used 6262K, capacity 7088K, committed 7296K, reserved 1056768K
  class space    used 597K, capacity 616K, committed 640K, reserved 1048576K
}
Event: 6.465 GC heap before
{Heap before GC invocations=5 (full 0):
 PSYoungGen      total 53248K, used 53232K [0x00000000eab00000, 0x00000000ee300000, 0x0000000100000000)
  eden space 49152K, 100% used [0x00000000eab00000,0x00000000edb00000,0x00000000edb00000)
  from space 4096K, 99% used [0x00000000edf00000,0x00000000ee2fc020,0x00000000ee300000)
  to   space 4096K, 0% used [0x00000000edb00000,0x00000000edb00000,0x00000000edf00000)
 ParOldGen       total 65536K, used 9541K [0x00000000c0000000, 0x00000000c4000000, 0x00000000eab00000)
  object space 65536K, 14% used [0x00000000c0000000,0x00000000c0951440,0x00000000c4000000)
 Metaspace       used 6287K, capacity 7088K, committed 7296K, reserved 1056768K
  class space    used 597K, capacity 616K, committed 640K, reserved 1048576K
Event: 6.530 GC heap after
Heap after GC invocations=5 (full 0):
 PSYoungGen      total 53248K, used 4067K [0x00000000eab00000, 0x00000000f2600000, 0x0000000100000000)
  eden space 49152K, 0% used [0x00000000eab00000,0x00000000eab00000,0x00000000edb00000)
  from space 4096K, 99% used [0x00000000edb00000,0x00000000edef8ec8,0x00000000edf00000)
  to   space 13824K, 0% used [0x00000000f1880000,0x00000000f1880000,0x00000000f2600000)
 ParOldGen       total 65536K, used 17345K [0x00000000c0000000, 0x00000000c4000000, 0x00000000eab00000)
  object space 65536K, 26% used [0x00000000c0000000,0x00000000c10f0708,0x00000000c4000000)
 Metaspace       used 6287K, capacity 7088K, committed 7296K, reserved 1056768K
  class space    used 597K, capacity 616K, committed 640K, reserved 1048576K
}
Event: 7.075 GC heap before
{Heap before GC invocations=6 (full 0):
 PSYoungGen      total 53248K, used 53219K [0x00000000eab00000, 0x00000000f2600000, 0x0000000100000000)
  eden space 49152K, 100% used [0x00000000eab00000,0x00000000edb00000,0x00000000edb00000)
  from space 4096K, 99% used [0x00000000edb00000,0x00000000edef8ec8,0x00000000edf00000)
  to   space 13824K, 0% used [0x00000000f1880000,0x00000000f1880000,0x00000000f2600000)
 ParOldGen       total 65536K, used 17345K [0x00000000c0000000, 0x00000000c4000000, 0x00000000eab00000)
  object space 65536K, 26% used [0x00000000c0000000,0x00000000c10f0708,0x00000000c4000000)
 Metaspace       used 6363K, capacity 7152K, committed 7296K, reserved 1056768K
  class space    used 597K, capacity 616K, committed 640K, reserved 1048576K
Event: 7.114 GC heap after
Heap after GC invocations=6 (full 0):
 PSYoungGen      total 110080K, used 12373K [0x00000000eab00000, 0x00000000f2a00000, 0x0000000100000000)
  eden space 96256K, 0% used [0x00000000eab00000,0x00000000eab00000,0x00000000f0900000)
  from space 13824K, 89% used [0x00000000f1880000,0x00000000f2495718,0x00000000f2600000)
  to   space 15872K, 0% used [0x00000000f0900000,0x00000000f0900000,0x00000000f1880000)
 ParOldGen       total 65536K, used 17353K [0x00000000c0000000, 0x00000000c4000000, 0x00000000eab00000)
  object space 65536K, 26% used [0x00000000c0000000,0x00000000c10f2708,0x00000000c4000000)
 Metaspace       used 6363K, capacity 7152K, committed 7296K, reserved 1056768K
  class space    used 597K, capacity 616K, committed 640K, reserved 1048576K
}
Event: 7.646 GC heap before
{Heap before GC invocations=7 (full 0):
 PSYoungGen      total 110080K, used 108629K [0x00000000eab00000, 0x00000000f2a00000, 0x0000000100000000)
  eden space 96256K, 100% used [0x00000000eab00000,0x00000000f0900000,0x00000000f0900000)
  from space 13824K, 89% used [0x00000000f1880000,0x00000000f2495718,0x00000000f2600000)
  to   space 15872K, 0% used [0x00000000f0900000,0x00000000f0900000,0x00000000f1880000)
 ParOldGen       total 65536K, used 17353K [0x00000000c0000000, 0x00000000c4000000, 0x00000000eab00000)
  object space 65536K, 26% used [0x00000000c0000000,0x00000000c10f2708,0x00000000c4000000)
 Metaspace       used 6401K, capacity 7152K, committed 7296K, reserved 1056768K
  class space    used 597K, capacity 616K, committed 640K, reserved 1048576K
Event: 7.708 GC heap after
Heap after GC invocations=7 (full 0):
 PSYoungGen      total 112128K, used 15856K [0x00000000eab00000, 0x00000000f9700000, 0x0000000100000000)
  eden space 96256K, 0% used [0x00000000eab00000,0x00000000eab00000,0x00000000f0900000)
  from space 15872K, 99% used [0x00000000f0900000,0x00000000f187c030,0x00000000f1880000)
  to   space 24576K, 0% used [0x00000000f7f00000,0x00000000f7f00000,0x00000000f9700000)
 ParOldGen       total 65536K, used 29192K [0x00000000c0000000, 0x00000000c4000000, 0x00000000eab00000)
  object space 65536K, 44% used [0x00000000c0000000,0x00000000c1c820b8,0x00000000c4000000)
 Metaspace       used 6401K, capacity 7152K, committed 7296K, reserved 1056768K
  class space    used 597K, capacity 616K, committed 640K, reserved 1048576K
}

Deoptimization events (10 events):
Event: 7.874 Thread 0x0000000017641000 Uncommon trap: reason=class_check action=maybe_recompile pc=0x0000000003114088 method=java.util.Arrays.hashCode([Ljava/lang/Object;)I @ 43
Event: 7.874 Thread 0x0000000017641000 Uncommon trap: reason=class_check action=maybe_recompile pc=0x00000000030c1434 method=java.util.Arrays.hashCode([Ljava/lang/Object;)I @ 43
Event: 7.897 Thread 0x0000000017641000 Uncommon trap: reason=class_check action=maybe_recompile pc=0x00000000031aad28 method=java.util.HashMap.putVal(ILjava/lang/Object;Ljava/lang/Object;ZZ)Ljava/lang/Object; @ 203
Event: 7.905 Thread 0x0000000017641000 Uncommon trap: reason=class_check action=maybe_recompile pc=0x00000000031aad28 method=java.util.HashMap.putVal(ILjava/lang/Object;Ljava/lang/Object;ZZ)Ljava/lang/Object; @ 203
Event: 7.905 Thread 0x0000000017641000 Uncommon trap: reason=class_check action=maybe_recompile pc=0x00000000031aad28 method=java.util.HashMap.putVal(ILjava/lang/Object;Ljava/lang/Object;ZZ)Ljava/lang/Object; @ 203
Event: 7.905 Thread 0x0000000017641000 Uncommon trap: reason=class_check action=maybe_recompile pc=0x00000000031aad28 method=java.util.HashMap.putVal(ILjava/lang/Object;Ljava/lang/Object;ZZ)Ljava/lang/Object; @ 203
Event: 8.080 Thread 0x0000000017641000 Uncommon trap: reason=speculate_class_check action=maybe_recompile pc=0x0000000002fdc314 method=com.android.dx.util.FixedSizeList.equals(Ljava/lang/Object;)Z @ 25
Event: 8.080 Thread 0x0000000017641000 Uncommon trap: reason=speculate_class_check action=maybe_recompile pc=0x0000000002fdc314 method=com.android.dx.util.FixedSizeList.equals(Ljava/lang/Object;)Z @ 25
Event: 8.080 Thread 0x0000000017641000 Uncommon trap: reason=speculate_class_check action=maybe_recompile pc=0x0000000002fdc314 method=com.android.dx.util.FixedSizeList.equals(Ljava/lang/Object;)Z @ 25
Event: 8.080 Thread 0x0000000017641000 Uncommon trap: reason=speculate_class_check action=maybe_recompile pc=0x0000000002fdc314 method=com.android.dx.util.FixedSizeList.equals(Ljava/lang/Object;)Z @ 25

Internal exceptions (4 events):
Event: 0.201 Thread 0x00000000010cd800 Exception <a 'java/lang/NoSuchMethodError': Method sun.misc.Unsafe.defineClass(Ljava/lang/String;[BII)Ljava/lang/Class; name or signature does not match> (0x00000000eab0da80) thrown at [C:\workspace\8-2-build-windows-amd64-cygwin\jdk8u65\4987\hotspot\src\sÆØf.ÄÉ?
Event: 0.201 Thread 0x00000000010cd800 Exception <a 'java/lang/NoSuchMethodError': Method sun.misc.Unsafe.prefetchRead(Ljava/lang/Object;J)V name or signature does not match> (0x00000000eab0dd68) thrown at [C:\workspace\8-2-build-windows-amd64-cygwin\jdk8u65\4987\hotspot\src\share\vm\prims\jni.€—ÙI"@
Event: 5.533 Thread 0x0000000017498000 Implicit null exception at 0x0000000002fa4fe2 to 0x0000000002fa50da
Event: 7.444 Thread 0x000000001705e000 Implicit null exception at 0x0000000003049966 to 0x000000000304a461

Events (10 events):
Event: 8.623 loading class com/android/dx/dex/file/DebugInfoEncoder$2
Event: 8.623 loading class com/android/dx/dex/file/DebugInfoEncoder$2 done
Event: 8.681 loading class com/android/dex/EncodedValueCodec
Event: 8.681 loading class com/android/dex/EncodedValueCodec done
Event: 8.763 loading class com/android/dx/dex/file/MapItem
Event: 8.763 loading class com/android/dx/dex/file/MapItem done
Event: 8.764 loading class com/android/dx/dex/file/UniformListItem
Event: 8.764 loading class com/android/dx/dex/file/UniformListItem done
Event: 8.776 loading class com/android/dex/DexFormat
Event: 8.776 loading class com/android/dex/DexFormat done


Dynamic libraries:
0x00007ff72ce50000 - 0x00007ff72ce87000 	C:\Program Files\Java\jdk1.8.0_65\bin\java.exe
0x00007ff9619d0000 - 0x00007ff961b7d000 	C:\Windows\SYSTEM32\ntdll.dll
0x00007ff95f120000 - 0x00007ff95f25e000 	C:\Windows\system32\KERNEL32.DLL
0x00007ff95ed60000 - 0x00007ff95ee75000 	C:\Windows\system32\KERNELBASE.dll
0x00007ff95d6d0000 - 0x00007ff95d75e000 	C:\Windows\system32\apphelp.dll
0x00007ff94db50000 - 0x00007ff94dba3000 	C:\Windows\AppPatch\AppPatch64\AcGenral.DLL
0x00007ff960050000 - 0x00007ff9600fa000 	C:\Windows\system32\msvcrt.dll
0x00007ff95ebd0000 - 0x00007ff95ebfe000 	C:\Windows\system32\SspiCli.dll
0x00007ff95f630000 - 0x00007ff95f684000 	C:\Windows\system32\SHLWAPI.dll
0x00007ff95f690000 - 0x00007ff95f807000 	C:\Windows\system32\USER32.dll
0x00007ff961630000 - 0x00007ff9617c4000 	C:\Windows\system32\ole32.dll
0x00007ff960100000 - 0x00007ff961629000 	C:\Windows\system32\SHELL32.dll
0x00007ff95e0d0000 - 0x00007ff95e0f1000 	C:\Windows\SYSTEM32\USERENV.dll
0x00007ff95f2e0000 - 0x00007ff95f38a000 	C:\Windows\system32\ADVAPI32.dll
0x00007ff950870000 - 0x00007ff95088e000 	C:\Windows\SYSTEM32\MPR.dll
0x00007ff95f4f0000 - 0x00007ff95f630000 	C:\Windows\system32\RPCRT4.dll
0x00007ff961820000 - 0x00007ff961879000 	C:\Windows\SYSTEM32\sechost.dll
0x00007ff95fe30000 - 0x00007ff960041000 	C:\Windows\SYSTEM32\combase.dll
0x00007ff95f390000 - 0x00007ff95f4df000 	C:\Windows\system32\GDI32.dll
0x00007ff95eb00000 - 0x00007ff95eb15000 	C:\Windows\SYSTEM32\profapi.dll
0x00007ff95d340000 - 0x00007ff95d3f2000 	C:\Windows\SYSTEM32\SHCORE.dll
0x00007ff9617d0000 - 0x00007ff961806000 	C:\Windows\system32\IMM32.DLL
0x00007ff95f9c0000 - 0x00007ff95fb12000 	C:\Windows\system32\MSCTF.dll
0x00007ff95c770000 - 0x00007ff95c9eb000 	C:\Windows\WinSxS\amd64_microsoft.windows.common-controls_6595b64144ccf1df_6.0.9600.18006_none_623f33d3ecbe86e8\COMCTL32.dll
0x0000000067be0000 - 0x0000000067cb2000 	C:\Program Files\Java\jdk1.8.0_65\jre\bin\msvcr100.dll
0x00000000680a0000 - 0x0000000068929000 	C:\Program Files\Java\jdk1.8.0_65\jre\bin\server\jvm.dll
0x00007ff955120000 - 0x00007ff955129000 	C:\Windows\SYSTEM32\WSOCK32.dll
0x00007ff959ff0000 - 0x00007ff95a012000 	C:\Windows\SYSTEM32\WINMM.dll
0x00007ff95b3a0000 - 0x00007ff95b3aa000 	C:\Windows\SYSTEM32\VERSION.dll
0x00007ff961810000 - 0x00007ff961817000 	C:\Windows\system32\PSAPI.DLL
0x00007ff961970000 - 0x00007ff9619ca000 	C:\Windows\system32\WS2_32.dll
0x00007ff959e50000 - 0x00007ff959e7a000 	C:\Windows\SYSTEM32\WINMMBASE.dll
0x00007ff961890000 - 0x00007ff961899000 	C:\Windows\system32\NSI.dll
0x00007ff95ed10000 - 0x00007ff95ed5f000 	C:\Windows\SYSTEM32\cfgmgr32.dll
0x00007ff95d930000 - 0x00007ff95d958000 	C:\Windows\SYSTEM32\DEVOBJ.dll
0x0000000068090000 - 0x000000006809f000 	C:\Program Files\Java\jdk1.8.0_65\jre\bin\verify.dll
0x0000000068060000 - 0x0000000068089000 	C:\Program Files\Java\jdk1.8.0_65\jre\bin\java.dll
0x0000000068040000 - 0x0000000068056000 	C:\Program Files\Java\jdk1.8.0_65\jre\bin\zip.dll

VM Arguments:
jvm_args: -Djava.awt.headless=true -Xmx1024M -Dfile.encoding=windows-1252 -Duser.country=US -Duser.language=en -Duser.variant 
java_command: com.android.dx.command.Main --dex --force-jumbo --num-threads=4 --multi-dex --output C:\Users\NicK\AndroidStudioProjects\ShippyShop\app\build\intermediates\transforms\dex\debug\folders\1000\10\com.google.android.gms-play-services-basement-8.1.0_c008bb72026b2609b446948bf1a4446e5e90e599 C:\Users\NicK\AndroidStudioProjects\ShippyShop\app\build\intermediates\exploded-aar\com.google.android.gms\play-services-basement\8.1.0\jars\classes.jar
java_class_path (initial): C:\Users\NicK\AppData\Local\Android\sdk\build-tools\24.0.1\lib\dx.jar
Launcher Type: SUN_STANDARD

Environment Variables:
JAVA_HOME=C:\Program Files\Java\jdk1.8.0_65
CLASSPATH=.;C:\Program Files (x86)\Java\jre1.8.0_77\lib\ext\QTJava.zip
PATH=C:\ProgramData\Oracle\Java\javapath;C:\Program Files (x86)\Intel\iCLS Client\;C:\Program Files\Intel\iCLS Client\;C:\Windows\system32;C:\Windows;C:\Windows\System32\Wbem;C:\Windows\System32\WindowsPowerShell\v1.0\;C:\Program Files\Intel\Intel(R) Management Engine Components\DAL;C:\Program Files (x86)\Intel\Intel(R) Management Engine Components\DAL;C:\Program Files\Intel\Intel(R) Management Engine Components\IPT;C:\Program Files (x86)\Intel\Intel(R) Management Engine Components\IPT;C:\Program Files (x86)\NVIDIA Corporation\PhysX\Common;C:\Program Files (x86)\Windows Live\Shared;C:\Program Files (x86)\Skype\Phone\;C:\Program Files\Intel\WiFi\bin\;C:\Program Files\Common Files\Intel\WirelessCommon\;C:\Program Files\Java\jdk1.8.0_65\bin;C:\Maven\bin;C:\ant\bin;C:\Program Files (x86)\QuickTime\QTSystem\;C:\Program Files\Microsoft\Web Platform Installer\;C:\Program Files (x86)\Microsoft ASP.NET\ASP.NET Web Pages\v1.0\;C:\Program Files (x86)\Windows Kits\8.0\Windows Performance Toolkit\;C:\Program Files\Microsoft SQL Server\110\Tools\Binn\;C:\Program Files\Intel\WiFi\bin\;C:\Program Files\Common Files\Intel\WirelessCommon\
USERNAME=NicK
OS=Windows_NT
PROCESSOR_IDENTIFIER=Intel64 Family 6 Model 61 Stepping 4, GenuineIntel



---------------  S Y S T E M  ---------------

OS: Windows 8.1 , 64 bit Build 9600 (6.3.9600.17415)

CPU:total 4 (2 cores per cpu, 2 threads per core) family 6 model 61 stepping 4, cmov, cx8, fxsr, mmx, sse, sse2, sse3, ssse3, sse4.1, sse4.2, popcnt, avx, avx2, aes, clmul, erms, 3dnowpref, lzcnt, ht, tsc, tscinvbit, bmi1, bmi2, adx

Memory: 4k page, physical 6199740k(351524k free), swap 9345468k(6136k free)

vm_info: Java HotSpot(TM) 64-Bit Server VM (25.65-b01) for windows-amd64 JRE (1.8.0_65-b17), built on Oct  6 2015 16:39:20 by "java_re" with MS VC++ 10.0 (VS2010)

time: Fri Aug 26 14:44:22 2016
elapsed time: 8 seconds (0d 0h 0m 8s)

