#
# There is insufficient memory for the Java Runtime Environment to continue.
# Native memory allocation (malloc) failed to allocate 32784 bytes for Chunk::new
# Possible reasons:
#   The system is out of physical RAM or swap space
#   In 32 bit mode, the process size limit was hit
# Possible solutions:
#   Reduce memory load on the system
#   Increase physical memory or swap space
#   Check if swap backing store is full
#   Use 64 bit Java on a 64 bit OS
#   Decrease Java heap size (-Xmx/-Xms)
#   Decrease number of Java threads
#   Decrease Java thread stack sizes (-Xss)
#   Set larger code cache with -XX:ReservedCodeCacheSize=
# This output file may be truncated or incomplete.
#
#  Out of Memory Error (allocation.cpp:390), pid=5424, tid=5244
#
# JRE version: Java(TM) SE Runtime Environment (8.0_65-b17) (build 1.8.0_65-b17)
# Java VM: Java HotSpot(TM) 64-Bit Server VM (25.65-b01 mixed mode windows-amd64 compressed oops)
# Failed to write core dump. Minidumps are not enabled by default on client versions of Windows
#

---------------  T H R E A D  ---------------

Current thread (0x0000000014bca000):  JavaThread "C2 CompilerThread1" daemon [_thread_in_native, id=5244, stack(0x0000000016310000,0x0000000016410000)]

Stack: [0x0000000016310000,0x0000000016410000]
[error occurred during error reporting (printing stack bounds), id 0xc0000005]

Native frames: (J=compiled Java code, j=interpreted, Vv=VM code, C=native code)


Current CompileTask:
C2:   1514  677   !   4       com.android.dx.cf.cst.ConstantPoolParser::parse0 (731 bytes)


---------------  P R O C E S S  ---------------

Java Threads: ( => current thread )
  0x0000000016640000 JavaThread "pool-1-thread-4" [_thread_blocked, id=1140, stack(0x0000000016f10000,0x0000000017010000)]
  0x0000000016554000 JavaThread "pool-1-thread-3" [_thread_blocked, id=8148, stack(0x0000000016e10000,0x0000000016f10000)]
  0x000000001654e800 JavaThread "pool-1-thread-2" [_thread_blocked, id=4208, stack(0x0000000016d10000,0x0000000016e10000)]
  0x000000001654a000 JavaThread "pool-2-thread-1" [_thread_blocked, id=7644, stack(0x0000000016c10000,0x0000000016d10000)]
  0x0000000016549000 JavaThread "pool-1-thread-1" [_thread_blocked, id=5292, stack(0x0000000016b10000,0x0000000016c10000)]
  0x000000001641b800 JavaThread "Service Thread" daemon [_thread_blocked, id=6360, stack(0x0000000016910000,0x0000000016a10000)]
  0x0000000014c1d800 JavaThread "C1 CompilerThread2" daemon [_thread_blocked, id=6600, stack(0x0000000016810000,0x0000000016910000)]
=>0x0000000014bca000 JavaThread "C2 CompilerThread1" daemon [_thread_in_native, id=5244, stack(0x0000000016310000,0x0000000016410000)]
  0x0000000014bbe800 JavaThread "C2 CompilerThread0" daemon [_thread_blocked, id=7980, stack(0x0000000016210000,0x0000000016310000)]
  0x0000000014bbc800 JavaThread "Attach Listener" daemon [_thread_blocked, id=3972, stack(0x0000000016110000,0x0000000016210000)]
  0x0000000014bbb800 JavaThread "Signal Dispatcher" daemon [_thread_blocked, id=768, stack(0x0000000016010000,0x0000000016110000)]
  0x00000000024e0800 JavaThread "Finalizer" daemon [_thread_blocked, id=1232, stack(0x0000000015e30000,0x0000000015f30000)]
  0x0000000014b89000 JavaThread "Reference Handler" daemon [_thread_blocked, id=5820, stack(0x0000000015d30000,0x0000000015e30000)]
  0x0000000000b2d800 JavaThread "main" [_thread_in_Java, id=6764, stack(0x0000000002270000,0x0000000002370000)]

Other Threads:
  0x0000000014b87800 VMThread [stack: 0x0000000015c30000,0x0000000015d30000] [id=3728]
  0x0000000016423800 WatcherThread [stack: 0x0000000016a10000,0x0000000016b10000] [id=8012]

VM state:not at safepoint (normal execution)

VM Mutex/Monitor currently owned by a thread: None

Heap:
 PSYoungGen      total 28672K, used 13298K [0x00000000eab00000, 0x00000000ecb00000, 0x0000000100000000)
  eden space 24576K, 54% used [0x00000000eab00000,0x00000000eb7fcad8,0x00000000ec300000)
  from space 4096K, 0% used [0x00000000ec700000,0x00000000ec700000,0x00000000ecb00000)
  to   space 4096K, 0% used [0x00000000ec300000,0x00000000ec300000,0x00000000ec700000)
 ParOldGen       total 65536K, used 0K [0x00000000c0000000, 0x00000000c4000000, 0x00000000eab00000)
  object space 65536K, 0% used [0x00000000c0000000,0x00000000c0000000,0x00000000c4000000)
 Metaspace       used 5362K, capacity 6576K, committed 6784K, reserved 1056768K
  class space    used 572K, capacity 616K, committed 640K, reserved 1048576K

Card table byte_map: [0x00000000118b0000,0x0000000011ac0000] byte_map_base: 0x00000000112b0000

Marking Bits: (ParMarkBitMap*) 0x00000000688aa5b0
 Begin Bits: [0x0000000012020000, 0x0000000013020000)
 End Bits:   [0x0000000013020000, 0x0000000014020000)

Polling page: 0x0000000000b30000

CodeCache: size=245760Kb used=2684Kb max_used=2684Kb free=243075Kb
 bounds [0x00000000024f0000, 0x00000000027a0000, 0x00000000114f0000]
 total_blobs=941 nmethods=680 adapters=174
 compilation: enabled

Compilation events (10 events):
Event: 1.491 Thread 0x0000000014c1d800  675       3       com.android.dx.rop.code.LocalVariableInfo::mergeStarts (75 bytes)
Event: 1.492 Thread 0x0000000014c1d800 nmethod 675 0x000000000278ca90 code [0x000000000278cc80, 0x000000000278d638]
Event: 1.508 Thread 0x0000000014c1d800  676       3       com.android.dx.rop.code.RegisterSpec::equals (60 bytes)
Event: 1.508 Thread 0x0000000014c1d800 nmethod 676 0x000000000278da90 code [0x000000000278dc40, 0x000000000278e298]
Event: 1.508 Thread 0x0000000014bca000  677   !   4       com.android.dx.cf.cst.ConstantPoolParser::parse0 (731 bytes)
Event: 1.510 Thread 0x0000000014c1d800  678       3       com.android.dx.rop.code.CstInsn::<init> (31 bytes)
Event: 1.510 Thread 0x0000000014c1d800 nmethod 678 0x000000000278e410 code [0x000000000278e580, 0x000000000278e838]
Event: 1.511 Thread 0x0000000014c1d800  679       3       com.android.dx.rop.code.RegisterSpecSet::mutableCopy (57 bytes)
Event: 1.511 Thread 0x0000000014c1d800 nmethod 679 0x000000000278e950 code [0x000000000278eb00, 0x000000000278f0c8]
Event: 1.511 Thread 0x0000000014c1d800  680       3       com.android.dx.dex.code.RopTranslator$LocalVariableAwareTranslationVisitor::addIntroductionIfNecessary (30 bytes)

GC Heap History (0 events):
No events

Deoptimization events (10 events):
Event: 0.754 Thread 0x0000000000b2d800 Uncommon trap: reason=class_check action=maybe_recompile pc=0x00000000026924fc method=com.android.dx.rop.cst.Constant.compareTo(Ljava/lang/Object;)I @ 2
Event: 0.754 Thread 0x0000000000b2d800 Uncommon trap: reason=class_check action=maybe_recompile pc=0x00000000026924fc method=com.android.dx.rop.cst.Constant.compareTo(Ljava/lang/Object;)I @ 2
Event: 0.754 Thread 0x0000000000b2d800 Uncommon trap: reason=class_check action=maybe_recompile pc=0x00000000026924fc method=com.android.dx.rop.cst.Constant.compareTo(Ljava/lang/Object;)I @ 2
Event: 0.772 Thread 0x0000000016640000 Uncommon trap: reason=speculate_class_check action=maybe_recompile pc=0x00000000026a2930 method=com.android.dx.rop.cst.Constant.compareTo(Lcom/android/dx/rop/cst/Constant;)I @ 29
Event: 0.772 Thread 0x0000000016640000 Uncommon trap: reason=speculate_class_check action=maybe_recompile pc=0x00000000026a2930 method=com.android.dx.rop.cst.Constant.compareTo(Lcom/android/dx/rop/cst/Constant;)I @ 29
Event: 0.772 Thread 0x0000000016640000 Uncommon trap: reason=speculate_class_check action=maybe_recompile pc=0x00000000026a2930 method=com.android.dx.rop.cst.Constant.compareTo(Lcom/android/dx/rop/cst/Constant;)I @ 29
Event: 0.772 Thread 0x0000000016640000 Uncommon trap: reason=speculate_class_check action=maybe_recompile pc=0x00000000026a2930 method=com.android.dx.rop.cst.Constant.compareTo(Lcom/android/dx/rop/cst/Constant;)I @ 29
Event: 1.378 Thread 0x0000000000b2d800 Uncommon trap: reason=unstable_if action=reinterpret pc=0x000000000270ba90 method=com.android.dx.rop.cst.CstFieldRef.compareTo0(Lcom/android/dx/rop/cst/Constant;)I @ 7
Event: 1.378 Thread 0x0000000000b2d800 Uncommon trap: reason=unstable_if action=reinterpret pc=0x00000000026b0570 method=com.android.dx.rop.cst.CstFieldRef.compareTo0(Lcom/android/dx/rop/cst/Constant;)I @ 7
Event: 1.378 Thread 0x0000000000b2d800 Uncommon trap: reason=unstable_if action=reinterpret pc=0x0000000002697eb8 method=com.android.dx.rop.cst.CstFieldRef.compareTo0(Lcom/android/dx/rop/cst/Constant;)I @ 7

Internal exceptions (2 events):
Event: 0.068 Thread 0x0000000000b2d800 Exception <a 'java/lang/NoSuchMethodError': Method sun.misc.Unsafe.defineClass(Ljava/lang/String;[BII)Ljava/lang/Class; name or signature does not match> (0x00000000eab0d650) thrown at [C:\workspace\8-2-build-windows-amd64-cygwin\jdk8u65\4987\hotspot\src\sZ	þ“#w±?
Event: 0.068 Thread 0x0000000000b2d800 Exception <a 'java/lang/NoSuchMethodError': Method sun.misc.Unsafe.prefetchRead(Ljava/lang/Object;J)V name or signature does not match> (0x00000000eab0d938) thrown at [C:\workspace\8-2-build-windows-amd64-cygwin\jdk8u65\4987\hotspot\src\share\vm\prims\jni.

Events (10 events):
Event: 1.083 loading class com/android/dx/cf/code/BytecodeArray$ConstantParserVisitor done
Event: 1.378 Thread 0x0000000000b2d800 Uncommon trap: trap_request=0xffffff65 fr.pc=0x000000000270ba90
Event: 1.378 Thread 0x0000000000b2d800 DEOPT PACKING pc=0x000000000270ba90 sp=0x000000000236e5c0
Event: 1.378 Thread 0x0000000000b2d800 DEOPT UNPACKING pc=0x000000000253582a sp=0x000000000236e400 mode 2
Event: 1.378 Thread 0x0000000000b2d800 Uncommon trap: trap_request=0xffffff65 fr.pc=0x00000000026b0570
Event: 1.378 Thread 0x0000000000b2d800 DEOPT PACKING pc=0x00000000026b0570 sp=0x000000000236e520
Event: 1.378 Thread 0x0000000000b2d800 DEOPT UNPACKING pc=0x000000000253582a sp=0x000000000236e3e8 mode 2
Event: 1.378 Thread 0x0000000000b2d800 Uncommon trap: trap_request=0xffffff65 fr.pc=0x0000000002697eb8
Event: 1.378 Thread 0x0000000000b2d800 DEOPT PACKING pc=0x0000000002697eb8 sp=0x000000000236e480
Event: 1.378 Thread 0x0000000000b2d800 DEOPT UNPACKING pc=0x000000000253582a sp=0x000000000236e408 mode 2


Dynamic libraries:
0x00007ff72ce50000 - 0x00007ff72ce87000 	C:\Program Files\Java\jdk1.8.0_65\bin\java.exe
0x00007ff9619d0000 - 0x00007ff961b7d000 	C:\Windows\SYSTEM32\ntdll.dll
0x00007ff95f120000 - 0x00007ff95f25e000 	C:\Windows\system32\KERNEL32.DLL
0x00007ff95ed60000 - 0x00007ff95ee75000 	C:\Windows\system32\KERNELBASE.dll
0x00007ff95d6d0000 - 0x00007ff95d75e000 	C:\Windows\system32\apphelp.dll
0x00007ff94db50000 - 0x00007ff94dba3000 	C:\Windows\AppPatch\AppPatch64\AcGenral.DLL
0x00007ff960050000 - 0x00007ff9600fa000 	C:\Windows\system32\msvcrt.dll
0x00007ff95ebd0000 - 0x00007ff95ebfe000 	C:\Windows\system32\SspiCli.dll
0x00007ff95f630000 - 0x00007ff95f684000 	C:\Windows\system32\SHLWAPI.dll
0x00007ff95f690000 - 0x00007ff95f807000 	C:\Windows\system32\USER32.dll
0x00007ff961630000 - 0x00007ff9617c4000 	C:\Windows\system32\ole32.dll
0x00007ff960100000 - 0x00007ff961629000 	C:\Windows\system32\SHELL32.dll
0x00007ff95e0d0000 - 0x00007ff95e0f1000 	C:\Windows\SYSTEM32\USERENV.dll
0x00007ff95f2e0000 - 0x00007ff95f38a000 	C:\Windows\system32\ADVAPI32.dll
0x00007ff950870000 - 0x00007ff95088e000 	C:\Windows\SYSTEM32\MPR.dll
0x00007ff95f4f0000 - 0x00007ff95f630000 	C:\Windows\system32\RPCRT4.dll
0x00007ff961820000 - 0x00007ff961879000 	C:\Windows\SYSTEM32\sechost.dll
0x00007ff95fe30000 - 0x00007ff960041000 	C:\Windows\SYSTEM32\combase.dll
0x00007ff95f390000 - 0x00007ff95f4df000 	C:\Windows\system32\GDI32.dll
0x00007ff95eb00000 - 0x00007ff95eb15000 	C:\Windows\SYSTEM32\profapi.dll
0x00007ff95d340000 - 0x00007ff95d3f2000 	C:\Windows\SYSTEM32\SHCORE.dll
0x00007ff9617d0000 - 0x00007ff961806000 	C:\Windows\system32\IMM32.DLL
0x00007ff95f9c0000 - 0x00007ff95fb12000 	C:\Windows\system32\MSCTF.dll
0x00007ff95c770000 - 0x00007ff95c9eb000 	C:\Windows\WinSxS\amd64_microsoft.windows.common-controls_6595b64144ccf1df_6.0.9600.18006_none_623f33d3ecbe86e8\COMCTL32.dll
0x0000000067be0000 - 0x0000000067cb2000 	C:\Program Files\Java\jdk1.8.0_65\jre\bin\msvcr100.dll
0x00000000680a0000 - 0x0000000068929000 	C:\Program Files\Java\jdk1.8.0_65\jre\bin\server\jvm.dll
0x00007ff955120000 - 0x00007ff955129000 	C:\Windows\SYSTEM32\WSOCK32.dll
0x00007ff959ff0000 - 0x00007ff95a012000 	C:\Windows\SYSTEM32\WINMM.dll
0x00007ff95b3a0000 - 0x00007ff95b3aa000 	C:\Windows\SYSTEM32\VERSION.dll
0x00007ff961810000 - 0x00007ff961817000 	C:\Windows\system32\PSAPI.DLL
0x00007ff961970000 - 0x00007ff9619ca000 	C:\Windows\system32\WS2_32.dll
0x00007ff959e50000 - 0x00007ff959e7a000 	C:\Windows\SYSTEM32\WINMMBASE.dll
0x00007ff961890000 - 0x00007ff961899000 	C:\Windows\system32\NSI.dll
0x00007ff95ed10000 - 0x00007ff95ed5f000 	C:\Windows\SYSTEM32\cfgmgr32.dll
0x00007ff95d930000 - 0x00007ff95d958000 	C:\Windows\SYSTEM32\DEVOBJ.dll
0x0000000068090000 - 0x000000006809f000 	C:\Program Files\Java\jdk1.8.0_65\jre\bin\verify.dll
0x0000000068060000 - 0x0000000068089000 	C:\Program Files\Java\jdk1.8.0_65\jre\bin\java.dll
0x0000000068040000 - 0x0000000068056000 	C:\Program Files\Java\jdk1.8.0_65\jre\bin\zip.dll

VM Arguments:
jvm_args: -Djava.awt.headless=true -Xmx1024M -Dfile.encoding=windows-1252 -Duser.country=US -Duser.language=en -Duser.variant 
java_command: com.android.dx.command.Main --dex --num-threads=4 --output C:\Users\NicK\AndroidStudioProjects\ShippyShop\app\build\intermediates\pre-dexed\debug\debug_737ab0d77b9bb74079a148240fcae710ab2d4905.jar C:\Users\NicK\AndroidStudioProjects\ShippyShop\app\build\intermediates\classes\debug
java_class_path (initial): C:\Users\NicK\AppData\Local\Android\sdk\build-tools\24.0.1\lib\dx.jar
Launcher Type: SUN_STANDARD

Environment Variables:
JAVA_HOME=C:\Program Files\Java\jdk1.8.0_65
CLASSPATH=.;C:\Program Files (x86)\Java\jre1.8.0_77\lib\ext\QTJava.zip
PATH=C:\ProgramData\Oracle\Java\javapath;C:\Program Files (x86)\Intel\iCLS Client\;C:\Program Files\Intel\iCLS Client\;C:\Windows\system32;C:\Windows;C:\Windows\System32\Wbem;C:\Windows\System32\WindowsPowerShell\v1.0\;C:\Program Files\Intel\Intel(R) Management Engine Components\DAL;C:\Program Files (x86)\Intel\Intel(R) Management Engine Components\DAL;C:\Program Files\Intel\Intel(R) Management Engine Components\IPT;C:\Program Files (x86)\Intel\Intel(R) Management Engine Components\IPT;C:\Program Files (x86)\NVIDIA Corporation\PhysX\Common;C:\Program Files (x86)\Windows Live\Shared;C:\Program Files (x86)\Skype\Phone\;C:\Program Files\Intel\WiFi\bin\;C:\Program Files\Common Files\Intel\WirelessCommon\;C:\Program Files\Java\jdk1.8.0_65\bin;C:\Maven\bin;C:\ant\bin;C:\Program Files (x86)\QuickTime\QTSystem\;C:\Program Files\Microsoft\Web Platform Installer\;C:\Program Files (x86)\Microsoft ASP.NET\ASP.NET Web Pages\v1.0\;C:\Program Files (x86)\Windows Kits\8.0\Windows Performance Toolkit\;C:\Program Files\Microsoft SQL Server\110\Tools\Binn\;C:\Program Files\Intel\WiFi\bin\;C:\Program Files\Common Files\Intel\WirelessCommon\
USERNAME=NicK
OS=Windows_NT
PROCESSOR_IDENTIFIER=Intel64 Family 6 Model 61 Stepping 4, GenuineIntel



---------------  S Y S T E M  ---------------

OS: Windows 8.1 , 64 bit Build 9600 (6.3.9600.17415)

CPU:total 4 (2 cores per cpu, 2 threads per core) family 6 model 61 stepping 4, cmov, cx8, fxsr, mmx, sse, sse2, sse3, ssse3, sse4.1, sse4.2, popcnt, avx, avx2, aes, clmul, erms, 3dnowpref, lzcnt, ht, tsc, tscinvbit, bmi1, bmi2, adx

Memory: 4k page, physical 6199740k(386692k free), swap 9345468k(6032k free)

vm_info: Java HotSpot(TM) 64-Bit Server VM (25.65-b01) for windows-amd64 JRE (1.8.0_65-b17), built on Oct  6 2015 16:39:20 by "java_re" with MS VC++ 10.0 (VS2010)

time: Fri Aug 26 14:47:31 2016
elapsed time: 1 seconds (0d 0h 0m 1s)

